#
# There is insufficient memory for the Java Runtime Environment to continue.
# Native memory allocation (mmap) failed to map 308281344 bytes for G1 virtual space
# Possible reasons:
#   The system is out of physical RAM or swap space
#   The process is running with CompressedOops enabled, and the Java Heap may be blocking the growth of the native heap
# Possible solutions:
#   Reduce memory load on the system
#   Increase physical memory or swap space
#   Check if swap backing store is full
#   Decrease Java heap size (-Xmx/-Xms)
#   Decrease number of Java threads
#   Decrease Java thread stack sizes (-Xss)
#   Set larger code cache with -XX:ReservedCodeCacheSize=
#   JVM is running with Unscaled Compressed Oops mode in which the Java heap is
#     placed in the first 4GB address space. The Java Heap base address is the
#     maximum limit for the native heap growth. Please use -XX:HeapBaseMinAddress
#     to set the Java Heap base and to place the Java Heap above 4GB virtual address.
# This output file may be truncated or incomplete.
#
#  Out of Memory Error (os_windows.cpp:3613), pid=31868, tid=16736
#
# JRE version: OpenJDK Runtime Environment Corretto-17.0.9.8.1 (17.0.9+8) (build 17.0.9+8-LTS)
# Java VM: OpenJDK 64-Bit Server VM Corretto-17.0.9.8.1 (17.0.9+8-LTS, mixed mode, emulated-client, sharing, tiered, compressed oops, compressed class ptrs, g1 gc, windows-amd64)
# No core dump will be written. Minidumps are not enabled by default on client versions of Windows
#

---------------  S U M M A R Y ------------

Command Line: -XX:TieredStopAtLevel=1 -Dspring.output.ansi.enabled=always -Dcom.sun.management.jmxremote -Dspring.jmx.enabled=true -Dspring.liveBeansView.mbeanDomain -Dspring.application.admin.enabled=true -Dmanagement.endpoints.jmx.exposure.include=* -javaagent:C:\Program Files\JetBrains\IntelliJ IDEA 2023.2.5\lib\idea_rt.jar=51922:C:\Program Files\JetBrains\IntelliJ IDEA 2023.2.5\bin -Dfile.encoding=UTF-8 com.example.jobapi.JobApiApplication

Host: Intel(R) Core(TM) i5-1035G4 CPU @ 1.10GHz, 8 cores, 7G,  Windows 11 , 64 bit Build 22621 (10.0.22621.4391)
Time: Wed Dec 11 00:59:25 2024  Windows 11 , 64 bit Build 22621 (10.0.22621.4391) elapsed time: 41.904481 seconds (0d 0h 0m 41s)

---------------  T H R E A D  ---------------

Current thread (0x00000225ccd2fea0):  VMThread "VM Thread" [stack: 0x000000beef200000,0x000000beef300000] [id=16736]

Stack: [0x000000beef200000,0x000000beef300000]
Native frames: (J=compiled Java code, j=interpreted, Vv=VM code, C=native code)
V  [jvm.dll+0x67cb49]
V  [jvm.dll+0x8344da]
V  [jvm.dll+0x835f9e]
V  [jvm.dll+0x836603]
V  [jvm.dll+0x247b5f]
V  [jvm.dll+0x679969]
V  [jvm.dll+0x66e2ba]
V  [jvm.dll+0x307a5b]
V  [jvm.dll+0x30ef06]
V  [jvm.dll+0x35ecee]
V  [jvm.dll+0x35ef1f]
V  [jvm.dll+0x2de658]
V  [jvm.dll+0x2dc834]
V  [jvm.dll+0x2dbe3c]
V  [jvm.dll+0x320201]
V  [jvm.dll+0x83aafb]
V  [jvm.dll+0x83b841]
V  [jvm.dll+0x83bd5d]
V  [jvm.dll+0x83c134]
V  [jvm.dll+0x83c200]
V  [jvm.dll+0x7e396a]
V  [jvm.dll+0x67ba35]
C  [ucrtbase.dll+0x29333]
C  [KERNEL32.DLL+0x1259d]
C  [ntdll.dll+0x5af38]

VM_Operation (0x000000bef0bfdb10): G1TryInitiateConcMark, mode: safepoint, requested by thread 0x00000225ccd55f40


---------------  P R O C E S S  ---------------

Threads class SMR info:
_java_thread_list=0x0000022614f12aa0, length=36, elements={
0x00000225bae54a50, 0x00000225ccd35180, 0x00000225ccd37c50, 0x00000225ccd50fa0,
0x00000225ccd51a80, 0x00000225ccd531b0, 0x00000225ccd55520, 0x00000225ccd5b9c0,
0x0000022612010060, 0x00000225ccd55010, 0x00000225ccd52ca0, 0x00000225ccd55a30,
0x00000225ccd53bd0, 0x00000225ccd536c0, 0x00000225ccd55f40, 0x00000225ccd540e0,
0x00000225ccd545f0, 0x00000225ccd54b00, 0x0000022614111fa0, 0x00000226141124b0,
0x00000226141133e0, 0x00000226141138f0, 0x0000022614115c60, 0x0000022614113e00,
0x0000022614114310, 0x0000022614115750, 0x00000226141184e0, 0x0000022614114820,
0x0000022614111580, 0x00000226141170a0, 0x0000022614111070, 0x0000022614111a90,
0x0000022614112ed0, 0x0000022614116680, 0x0000022614114d30, 0x0000022614115240
}

Java Threads: ( => current thread )
  0x00000225bae54a50 JavaThread "main" [_thread_blocked, id=31564, stack(0x000000beeec00000,0x000000beeed00000)]
  0x00000225ccd35180 JavaThread "Reference Handler" daemon [_thread_blocked, id=18680, stack(0x000000beef300000,0x000000beef400000)]
  0x00000225ccd37c50 JavaThread "Finalizer" daemon [_thread_blocked, id=22828, stack(0x000000beef400000,0x000000beef500000)]
  0x00000225ccd50fa0 JavaThread "Signal Dispatcher" daemon [_thread_blocked, id=17972, stack(0x000000beef500000,0x000000beef600000)]
  0x00000225ccd51a80 JavaThread "Attach Listener" daemon [_thread_blocked, id=29312, stack(0x000000beef600000,0x000000beef700000)]
  0x00000225ccd531b0 JavaThread "Service Thread" daemon [_thread_blocked, id=25128, stack(0x000000beef700000,0x000000beef800000)]
  0x00000225ccd55520 JavaThread "Monitor Deflation Thread" daemon [_thread_blocked, id=22920, stack(0x000000beef800000,0x000000beef900000)]
  0x00000225ccd5b9c0 JavaThread "C1 CompilerThread0" daemon [_thread_blocked, id=18852, stack(0x000000beef900000,0x000000beefa00000)]
  0x0000022612010060 JavaThread "Sweeper thread" daemon [_thread_blocked, id=15836, stack(0x000000beefa00000,0x000000beefb00000)]
  0x00000225ccd55010 JavaThread "Common-Cleaner" daemon [_thread_blocked, id=31884, stack(0x000000beefb00000,0x000000beefc00000)]
  0x00000225ccd52ca0 JavaThread "Monitor Ctrl-Break" daemon [_thread_in_native, id=19008, stack(0x000000beefe00000,0x000000beeff00000)]
  0x00000225ccd55a30 JavaThread "Notification Thread" daemon [_thread_blocked, id=20648, stack(0x000000beeff00000,0x000000bef0000000)]
  0x00000225ccd53bd0 JavaThread "RMI TCP Accept-0" daemon [_thread_in_native, id=33448, stack(0x000000bef0000000,0x000000bef0100000)]
  0x00000225ccd536c0 JavaThread "Thread-0" [_thread_blocked, id=15340, stack(0x000000bef0a00000,0x000000bef0b00000)]
  0x00000225ccd55f40 JavaThread "restartedMain" [_thread_blocked, id=32920, stack(0x000000bef0b00000,0x000000bef0c00000)]
  0x00000225ccd540e0 JavaThread "RMI TCP Connection(1)-192.168.173.172" daemon [_thread_in_native, id=19140, stack(0x000000bef0d00000,0x000000bef0e00000)]
  0x00000225ccd545f0 JavaThread "RMI Scheduler(0)" daemon [_thread_blocked, id=17876, stack(0x000000bef0f00000,0x000000bef1000000)]
  0x00000225ccd54b00 JavaThread "Catalina-utility-1" [_thread_blocked, id=16420, stack(0x000000bef1000000,0x000000bef1100000)]
  0x0000022614111fa0 JavaThread "Catalina-utility-2" [_thread_blocked, id=3064, stack(0x000000bef1100000,0x000000bef1200000)]
  0x00000226141124b0 JavaThread "container-0" [_thread_blocked, id=25596, stack(0x000000bef1200000,0x000000bef1300000)]
  0x00000226141133e0 JavaThread "mysql-cj-abandoned-connection-cleanup" daemon [_thread_blocked, id=18060, stack(0x000000bef1300000,0x000000bef1400000)]
  0x00000226141138f0 JavaThread "HikariPool-1 housekeeper" daemon [_thread_blocked, id=26752, stack(0x000000bef0c00000,0x000000bef0d00000)]
  0x0000022614115c60 JavaThread "File Watcher" daemon [_thread_blocked, id=18572, stack(0x000000bef1400000,0x000000bef1500000)]
  0x0000022614113e00 JavaThread "Live Reload Server" daemon [_thread_in_native, id=8072, stack(0x000000bef1700000,0x000000bef1800000)]
  0x0000022614114310 JavaThread "http-nio-8080-exec-1" daemon [_thread_blocked, id=11652, stack(0x000000bef1600000,0x000000bef1700000)]
  0x0000022614115750 JavaThread "http-nio-8080-exec-2" daemon [_thread_blocked, id=19400, stack(0x000000bef1800000,0x000000bef1900000)]
  0x00000226141184e0 JavaThread "http-nio-8080-exec-3" daemon [_thread_blocked, id=11524, stack(0x000000bef1900000,0x000000bef1a00000)]
  0x0000022614114820 JavaThread "http-nio-8080-exec-4" daemon [_thread_blocked, id=25464, stack(0x000000bef1a00000,0x000000bef1b00000)]
  0x0000022614111580 JavaThread "http-nio-8080-exec-5" daemon [_thread_blocked, id=17136, stack(0x000000bef1b00000,0x000000bef1c00000)]
  0x00000226141170a0 JavaThread "http-nio-8080-exec-6" daemon [_thread_blocked, id=21948, stack(0x000000bef1c00000,0x000000bef1d00000)]
  0x0000022614111070 JavaThread "http-nio-8080-exec-7" daemon [_thread_blocked, id=2204, stack(0x000000bef1d00000,0x000000bef1e00000)]
  0x0000022614111a90 JavaThread "http-nio-8080-exec-8" daemon [_thread_blocked, id=23440, stack(0x000000bef1e00000,0x000000bef1f00000)]
  0x0000022614112ed0 JavaThread "http-nio-8080-exec-9" daemon [_thread_blocked, id=18816, stack(0x000000bef1f00000,0x000000bef2000000)]
  0x0000022614116680 JavaThread "http-nio-8080-exec-10" daemon [_thread_blocked, id=22876, stack(0x000000bef2000000,0x000000bef2100000)]
  0x0000022614114d30 JavaThread "http-nio-8080-Poller" daemon [_thread_in_native, id=28280, stack(0x000000bef2100000,0x000000bef2200000)]
  0x0000022614115240 JavaThread "http-nio-8080-Acceptor" daemon [_thread_in_native, id=24040, stack(0x000000bef2200000,0x000000bef2300000)]

Other Threads:
=>0x00000225ccd2fea0 VMThread "VM Thread" [stack: 0x000000beef200000,0x000000beef300000] [id=16736]
  0x00000226129578a0 WatcherThread [stack: 0x000000bef0100000,0x000000bef0200000] [id=11564]
  0x00000225baeacb60 GCTaskThread "GC Thread#0" [stack: 0x000000beeed00000,0x000000beeee00000] [id=9232]
  0x0000022612f8a660 GCTaskThread "GC Thread#1" [stack: 0x000000bef0200000,0x000000bef0300000] [id=9548]
  0x0000022612fa4d20 GCTaskThread "GC Thread#2" [stack: 0x000000bef0300000,0x000000bef0400000] [id=31872]
  0x0000022612fa4fe0 GCTaskThread "GC Thread#3" [stack: 0x000000bef0400000,0x000000bef0500000] [id=11048]
  0x0000022612fa56b0 GCTaskThread "GC Thread#4" [stack: 0x000000bef0500000,0x000000bef0600000] [id=28472]
  0x0000022612fa5970 GCTaskThread "GC Thread#5" [stack: 0x000000bef0600000,0x000000bef0700000] [id=16276]
  0x0000022612fa5e40 GCTaskThread "GC Thread#6" [stack: 0x000000bef0700000,0x000000bef0800000] [id=26748]
  0x0000022612fa73e0 GCTaskThread "GC Thread#7" [stack: 0x000000bef0800000,0x000000bef0900000] [id=34512]
  0x00000225baebcdf0 ConcurrentGCThread "G1 Main Marker" [stack: 0x000000beeee00000,0x000000beeef00000] [id=21448]
  0x00000225baebdfb0 ConcurrentGCThread "G1 Conc#0" [stack: 0x000000beeef00000,0x000000beef000000] [id=18612]
  0x0000022612fa6e60 ConcurrentGCThread "G1 Conc#1" [stack: 0x000000bef0e00000,0x000000bef0f00000] [id=26680]
  0x00000225baedec80 ConcurrentGCThread "G1 Refine#0" [stack: 0x000000beef000000,0x000000beef100000] [id=12960]
  0x00000226122d56b0 ConcurrentGCThread "G1 Refine#1" [stack: 0x000000bef0900000,0x000000bef0a00000] [id=30992]
  0x0000022614bb5560 ConcurrentGCThread "G1 Refine#2" [stack: 0x000000bef1500000,0x000000bef1600000] [id=18064]
  0x0000022615500390 ConcurrentGCThread "G1 Refine#3" [stack: 0x000000bef2400000,0x000000bef2500000] [id=21324]
  0x00000225ccbe89b0 ConcurrentGCThread "G1 Service" [stack: 0x000000beef100000,0x000000beef200000] [id=1048]

Threads with active compile tasks:

VM state: at safepoint (normal execution)

VM Mutex/Monitor currently owned by a thread:  ([mutex/lock_event])
[0x00000225bae512c0] Threads_lock - owner thread: 0x00000225ccd2fea0
[0x00000225bae50540] Heap_lock - owner thread: 0x00000225ccd55f40

Heap address: 0x0000000086600000, size: 1946 MB, Compressed Oops mode: 32-bit

CDS archive(s) mapped at: [0x00000225cd000000-0x00000225cdba0000-0x00000225cdba0000), size 12189696, SharedBaseAddress: 0x00000225cd000000, ArchiveRelocationMode: 1.
Compressed class space mapped at: 0x00000225ce000000-0x000002260e000000, reserved size: 1073741824
Narrow klass base: 0x00000225cd000000, Narrow klass shift: 0, Narrow klass range: 0x100000000

GC Precious Log:
 CPUs: 8 total, 8 available
 Memory: 7778M
 Large Page Support: Disabled
 NUMA Support: Disabled
 Compressed Oops: Enabled (32-bit)
 Heap Region Size: 1M
 Heap Min Capacity: 8M
 Heap Initial Capacity: 122M
 Heap Max Capacity: 1946M
 Pre-touch: Disabled
 Parallel Workers: 8
 Concurrent Workers: 2
 Concurrent Refinement Workers: 8
 Periodic GC: Disabled

Heap:
 garbage-first heap   total 190464K, used 77188K [0x0000000086600000, 0x0000000100000000)
  region size 1024K, 2 young (2048K), 2 survivors (2048K)
 Metaspace       used 76652K, committed 77312K, reserved 1179648K
  class space    used 10953K, committed 11264K, reserved 1048576K

Heap Regions: E=young(eden), S=young(survivor), O=old, HS=humongous(starts), HC=humongous(continues), CS=collection set, F=free, OA=open archive, CA=closed archive, TAMS=top-at-mark-start (previous, next)
|   0|0x0000000086600000, 0x0000000086700000, 0x0000000086700000|100%|HS|  |TAMS 0x0000000086700000, 0x0000000086700000| Complete 
|   1|0x0000000086700000, 0x0000000086800000, 0x0000000086800000|100%| O|  |TAMS 0x0000000086800000, 0x0000000086800000| Untracked 
|   2|0x0000000086800000, 0x0000000086900000, 0x0000000086900000|100%| O|  |TAMS 0x0000000086900000, 0x0000000086900000| Untracked 
|   3|0x0000000086900000, 0x0000000086a00000, 0x0000000086a00000|100%| O|  |TAMS 0x0000000086a00000, 0x0000000086a00000| Untracked 
|   4|0x0000000086a00000, 0x0000000086b00000, 0x0000000086b00000|100%| O|  |TAMS 0x0000000086b00000, 0x0000000086b00000| Untracked 
|   5|0x0000000086b00000, 0x0000000086c00000, 0x0000000086c00000|100%| O|  |TAMS 0x0000000086c00000, 0x0000000086c00000| Untracked 
|   6|0x0000000086c00000, 0x0000000086d00000, 0x0000000086d00000|100%| O|  |TAMS 0x0000000086d00000, 0x0000000086d00000| Untracked 
|   7|0x0000000086d00000, 0x0000000086e00000, 0x0000000086e00000|100%| O|  |TAMS 0x0000000086e00000, 0x0000000086e00000| Untracked 
|   8|0x0000000086e00000, 0x0000000086f00000, 0x0000000086f00000|100%| O|  |TAMS 0x0000000086f00000, 0x0000000086f00000| Untracked 
|   9|0x0000000086f00000, 0x0000000087000000, 0x0000000087000000|100%| O|  |TAMS 0x0000000087000000, 0x0000000087000000| Untracked 
|  10|0x0000000087000000, 0x0000000087100000, 0x0000000087100000|100%| O|  |TAMS 0x0000000087100000, 0x0000000087100000| Untracked 
|  11|0x0000000087100000, 0x0000000087200000, 0x0000000087200000|100%| O|  |TAMS 0x0000000087200000, 0x0000000087200000| Untracked 
|  12|0x0000000087200000, 0x0000000087300000, 0x0000000087300000|100%| O|  |TAMS 0x0000000087300000, 0x0000000087300000| Untracked 
|  13|0x0000000087300000, 0x0000000087400000, 0x0000000087400000|100%| O|  |TAMS 0x0000000087400000, 0x0000000087400000| Untracked 
|  14|0x0000000087400000, 0x0000000087500000, 0x0000000087500000|100%| O|  |TAMS 0x0000000087500000, 0x0000000087500000| Untracked 
|  15|0x0000000087500000, 0x0000000087600000, 0x0000000087600000|100%| O|  |TAMS 0x0000000087600000, 0x0000000087600000| Untracked 
|  16|0x0000000087600000, 0x0000000087700000, 0x0000000087700000|100%| O|  |TAMS 0x0000000087700000, 0x0000000087700000| Untracked 
|  17|0x0000000087700000, 0x0000000087800000, 0x0000000087800000|100%| O|  |TAMS 0x0000000087800000, 0x0000000087800000| Untracked 
|  18|0x0000000087800000, 0x0000000087900000, 0x0000000087900000|100%| O|  |TAMS 0x0000000087900000, 0x0000000087900000| Untracked 
|  19|0x0000000087900000, 0x0000000087a00000, 0x0000000087a00000|100%| O|  |TAMS 0x0000000087a00000, 0x0000000087a00000| Untracked 
|  20|0x0000000087a00000, 0x0000000087b00000, 0x0000000087b00000|100%| O|  |TAMS 0x0000000087b00000, 0x0000000087b00000| Untracked 
|  21|0x0000000087b00000, 0x0000000087c00000, 0x0000000087c00000|100%| O|  |TAMS 0x0000000087c00000, 0x0000000087c00000| Untracked 
|  22|0x0000000087c00000, 0x0000000087d00000, 0x0000000087d00000|100%| O|  |TAMS 0x0000000087d00000, 0x0000000087d00000| Untracked 
|  23|0x0000000087d00000, 0x0000000087e00000, 0x0000000087e00000|100%| O|  |TAMS 0x0000000087e00000, 0x0000000087e00000| Untracked 
|  24|0x0000000087e00000, 0x0000000087f00000, 0x0000000087f00000|100%| O|  |TAMS 0x0000000087f00000, 0x0000000087f00000| Untracked 
|  25|0x0000000087f00000, 0x0000000088000000, 0x0000000088000000|100%| O|  |TAMS 0x0000000088000000, 0x0000000088000000| Untracked 
|  26|0x0000000088000000, 0x0000000088100000, 0x0000000088100000|100%| O|  |TAMS 0x0000000088100000, 0x0000000088100000| Untracked 
|  27|0x0000000088100000, 0x0000000088200000, 0x0000000088200000|100%| O|  |TAMS 0x0000000088200000, 0x0000000088200000| Untracked 
|  28|0x0000000088200000, 0x0000000088300000, 0x0000000088300000|100%| O|  |TAMS 0x0000000088300000, 0x0000000088300000| Untracked 
|  29|0x0000000088300000, 0x0000000088400000, 0x0000000088400000|100%| O|  |TAMS 0x0000000088400000, 0x0000000088400000| Untracked 
|  30|0x0000000088400000, 0x0000000088500000, 0x0000000088500000|100%| O|  |TAMS 0x0000000088500000, 0x0000000088500000| Untracked 
|  31|0x0000000088500000, 0x0000000088600000, 0x0000000088600000|100%| O|  |TAMS 0x0000000088600000, 0x0000000088600000| Untracked 
|  32|0x0000000088600000, 0x0000000088700000, 0x0000000088700000|100%| O|  |TAMS 0x0000000088700000, 0x0000000088700000| Untracked 
|  33|0x0000000088700000, 0x0000000088800000, 0x0000000088800000|100%| O|  |TAMS 0x0000000088800000, 0x0000000088800000| Untracked 
|  34|0x0000000088800000, 0x0000000088900000, 0x0000000088900000|100%| O|  |TAMS 0x0000000088800000, 0x0000000088900000| Untracked 
|  35|0x0000000088900000, 0x0000000088900000, 0x0000000088a00000|  0%| F|  |TAMS 0x0000000088900000, 0x0000000088900000| Untracked 
|  36|0x0000000088a00000, 0x0000000088b00000, 0x0000000088b00000|100%| O|  |TAMS 0x0000000088b00000, 0x0000000088b00000| Untracked 
|  37|0x0000000088b00000, 0x0000000088b00000, 0x0000000088c00000|  0%| F|  |TAMS 0x0000000088b00000, 0x0000000088b00000| Untracked 
|  38|0x0000000088c00000, 0x0000000088cc8000, 0x0000000088d00000| 78%| O|  |TAMS 0x0000000088c00000, 0x0000000088cc7e08| Untracked 
|  39|0x0000000088d00000, 0x0000000088d00000, 0x0000000088e00000|  0%| F|  |TAMS 0x0000000088d00000, 0x0000000088d00000| Untracked 
|  40|0x0000000088e00000, 0x0000000088e00000, 0x0000000088f00000|  0%| F|  |TAMS 0x0000000088e00000, 0x0000000088e00000| Untracked 
|  41|0x0000000088f00000, 0x0000000088f00000, 0x0000000089000000|  0%| F|  |TAMS 0x0000000088f00000, 0x0000000088f00000| Untracked 
|  42|0x0000000089000000, 0x0000000089100000, 0x0000000089100000|100%| O|  |TAMS 0x0000000089000000, 0x0000000089100000| Untracked 
|  43|0x0000000089100000, 0x0000000089100000, 0x0000000089200000|  0%| F|  |TAMS 0x0000000089100000, 0x0000000089100000| Untracked 
|  44|0x0000000089200000, 0x0000000089200000, 0x0000000089300000|  0%| F|  |TAMS 0x0000000089200000, 0x0000000089200000| Untracked 
|  45|0x0000000089300000, 0x0000000089300000, 0x0000000089400000|  0%| F|  |TAMS 0x0000000089300000, 0x0000000089300000| Untracked 
|  46|0x0000000089400000, 0x0000000089400000, 0x0000000089500000|  0%| F|  |TAMS 0x0000000089400000, 0x0000000089400000| Untracked 
|  47|0x0000000089500000, 0x0000000089600000, 0x0000000089600000|100%| O|  |TAMS 0x0000000089500000, 0x0000000089600000| Untracked 
|  48|0x0000000089600000, 0x0000000089600000, 0x0000000089700000|  0%| F|  |TAMS 0x0000000089600000, 0x0000000089600000| Untracked 
|  49|0x0000000089700000, 0x0000000089700000, 0x0000000089800000|  0%| F|  |TAMS 0x0000000089700000, 0x0000000089700000| Untracked 
|  50|0x0000000089800000, 0x0000000089900000, 0x0000000089900000|100%|HS|  |TAMS 0x0000000089800000, 0x0000000089900000| Complete 
|  51|0x0000000089900000, 0x0000000089a00000, 0x0000000089a00000|100%|HC|  |TAMS 0x0000000089900000, 0x0000000089a00000| Complete 
|  52|0x0000000089a00000, 0x0000000089b00000, 0x0000000089b00000|100%| O|  |TAMS 0x0000000089b00000, 0x0000000089b00000| Untracked 
|  53|0x0000000089b00000, 0x0000000089c00000, 0x0000000089c00000|100%| O|  |TAMS 0x0000000089c00000, 0x0000000089c00000| Untracked 
|  54|0x0000000089c00000, 0x0000000089c00000, 0x0000000089d00000|  0%| F|  |TAMS 0x0000000089c00000, 0x0000000089c00000| Untracked 
|  55|0x0000000089d00000, 0x0000000089e00000, 0x0000000089e00000|100%| O|  |TAMS 0x0000000089e00000, 0x0000000089e00000| Untracked 
|  56|0x0000000089e00000, 0x0000000089e00000, 0x0000000089f00000|  0%| F|  |TAMS 0x0000000089e00000, 0x0000000089e00000| Untracked 
|  57|0x0000000089f00000, 0x000000008a000000, 0x000000008a000000|100%| O|  |TAMS 0x000000008a000000, 0x000000008a000000| Untracked 
|  58|0x000000008a000000, 0x000000008a000000, 0x000000008a100000|  0%| F|  |TAMS 0x000000008a000000, 0x000000008a000000| Untracked 
|  59|0x000000008a100000, 0x000000008a100000, 0x000000008a200000|  0%| F|  |TAMS 0x000000008a100000, 0x000000008a100000| Untracked 
|  60|0x000000008a200000, 0x000000008a200000, 0x000000008a300000|  0%| F|  |TAMS 0x000000008a200000, 0x000000008a200000| Untracked 
|  61|0x000000008a300000, 0x000000008a300000, 0x000000008a400000|  0%| F|  |TAMS 0x000000008a300000, 0x000000008a300000| Untracked 
|  62|0x000000008a400000, 0x000000008a400000, 0x000000008a500000|  0%| F|  |TAMS 0x000000008a400000, 0x000000008a400000| Untracked 
|  63|0x000000008a500000, 0x000000008a500000, 0x000000008a600000|  0%| F|  |TAMS 0x000000008a500000, 0x000000008a500000| Untracked 
|  64|0x000000008a600000, 0x000000008a600000, 0x000000008a700000|  0%| F|  |TAMS 0x000000008a600000, 0x000000008a600000| Untracked 
|  65|0x000000008a700000, 0x000000008a800000, 0x000000008a800000|100%| O|  |TAMS 0x000000008a800000, 0x000000008a800000| Untracked 
|  66|0x000000008a800000, 0x000000008a800000, 0x000000008a900000|  0%| F|  |TAMS 0x000000008a800000, 0x000000008a800000| Untracked 
|  67|0x000000008a900000, 0x000000008aa00000, 0x000000008aa00000|100%| O|  |TAMS 0x000000008a900000, 0x000000008aa00000| Untracked 
|  68|0x000000008aa00000, 0x000000008aa00000, 0x000000008ab00000|  0%| F|  |TAMS 0x000000008aa00000, 0x000000008aa00000| Untracked 
|  69|0x000000008ab00000, 0x000000008ac00000, 0x000000008ac00000|100%| O|  |TAMS 0x000000008ac00000, 0x000000008ac00000| Untracked 
|  70|0x000000008ac00000, 0x000000008ad00000, 0x000000008ad00000|100%| O|  |TAMS 0x000000008ad00000, 0x000000008ad00000| Untracked 
|  71|0x000000008ad00000, 0x000000008ae00000, 0x000000008ae00000|100%| O|  |TAMS 0x000000008ae00000, 0x000000008ae00000| Untracked 
|  72|0x000000008ae00000, 0x000000008af00000, 0x000000008af00000|100%| O|  |TAMS 0x000000008af00000, 0x000000008af00000| Untracked 
|  73|0x000000008af00000, 0x000000008af00000, 0x000000008b000000|  0%| F|  |TAMS 0x000000008af00000, 0x000000008af00000| Untracked 
|  74|0x000000008b000000, 0x000000008b000000, 0x000000008b100000|  0%| F|  |TAMS 0x000000008b000000, 0x000000008b000000| Untracked 
|  75|0x000000008b100000, 0x000000008b200000, 0x000000008b200000|100%| O|  |TAMS 0x000000008b18b200, 0x000000008b200000| Untracked 
|  76|0x000000008b200000, 0x000000008b300000, 0x000000008b300000|100%| O|  |TAMS 0x000000008b200000, 0x000000008b300000| Untracked 
|  77|0x000000008b300000, 0x000000008b400000, 0x000000008b400000|100%| O|  |TAMS 0x000000008b300000, 0x000000008b400000| Untracked 
|  78|0x000000008b400000, 0x000000008b500000, 0x000000008b500000|100%| O|  |TAMS 0x000000008b400000, 0x000000008b500000| Untracked 
|  79|0x000000008b500000, 0x000000008b600000, 0x000000008b600000|100%| O|  |TAMS 0x000000008b500000, 0x000000008b600000| Untracked 
|  80|0x000000008b600000, 0x000000008b700000, 0x000000008b700000|100%| O|  |TAMS 0x000000008b600000, 0x000000008b700000| Untracked 
|  81|0x000000008b700000, 0x000000008b800000, 0x000000008b800000|100%| O|  |TAMS 0x000000008b700000, 0x000000008b800000| Untracked 
|  82|0x000000008b800000, 0x000000008b900000, 0x000000008b900000|100%| O|  |TAMS 0x000000008b800000, 0x000000008b900000| Untracked 
|  83|0x000000008b900000, 0x000000008ba00000, 0x000000008ba00000|100%| O|  |TAMS 0x000000008b900000, 0x000000008ba00000| Untracked 
|  84|0x000000008ba00000, 0x000000008bb00000, 0x000000008bb00000|100%| O|  |TAMS 0x000000008ba00000, 0x000000008bb00000| Untracked 
|  85|0x000000008bb00000, 0x000000008bc00000, 0x000000008bc00000|100%| O|  |TAMS 0x000000008bb00000, 0x000000008bc00000| Untracked 
|  86|0x000000008bc00000, 0x000000008bd00000, 0x000000008bd00000|100%| O|  |TAMS 0x000000008bc00000, 0x000000008bd00000| Untracked 
|  87|0x000000008bd00000, 0x000000008be00000, 0x000000008be00000|100%| O|  |TAMS 0x000000008bd00000, 0x000000008be00000| Untracked 
|  88|0x000000008be00000, 0x000000008be00000, 0x000000008bf00000|  0%| F|  |TAMS 0x000000008be00000, 0x000000008be00000| Untracked 
|  89|0x000000008bf00000, 0x000000008bf00000, 0x000000008c000000|  0%| F|  |TAMS 0x000000008bf00000, 0x000000008bf00000| Untracked 
|  90|0x000000008c000000, 0x000000008c000000, 0x000000008c100000|  0%| F|  |TAMS 0x000000008c000000, 0x000000008c000000| Untracked 
|  91|0x000000008c100000, 0x000000008c200000, 0x000000008c200000|100%|HS|  |TAMS 0x000000008c100000, 0x000000008c200000| Complete 
|  92|0x000000008c200000, 0x000000008c300000, 0x000000008c300000|100%|HC|  |TAMS 0x000000008c200000, 0x000000008c300000| Complete 
|  93|0x000000008c300000, 0x000000008c400000, 0x000000008c400000|100%|HC|  |TAMS 0x000000008c300000, 0x000000008c400000| Complete 
|  94|0x000000008c400000, 0x000000008c500000, 0x000000008c500000|100%|HC|  |TAMS 0x000000008c400000, 0x000000008c500000| Complete 
|  95|0x000000008c500000, 0x000000008c600000, 0x000000008c600000|100%| O|  |TAMS 0x000000008c500000, 0x000000008c600000| Untracked 
|  96|0x000000008c600000, 0x000000008c700000, 0x000000008c700000|100%| O|  |TAMS 0x000000008c600000, 0x000000008c700000| Untracked 
|  97|0x000000008c700000, 0x000000008c800000, 0x000000008c800000|100%| O|  |TAMS 0x000000008c700000, 0x000000008c800000| Untracked 
|  98|0x000000008c800000, 0x000000008c900000, 0x000000008c900000|100%| O|  |TAMS 0x000000008c800000, 0x000000008c900000| Untracked 
|  99|0x000000008c900000, 0x000000008ca00000, 0x000000008ca00000|100%| O|  |TAMS 0x000000008c900000, 0x000000008ca00000| Untracked 
| 100|0x000000008ca00000, 0x000000008cb00000, 0x000000008cb00000|100%| O|  |TAMS 0x000000008ca00000, 0x000000008cb00000| Untracked 
| 101|0x000000008cb00000, 0x000000008cb00000, 0x000000008cc00000|  0%| F|  |TAMS 0x000000008cb00000, 0x000000008cb00000| Untracked 
| 102|0x000000008cc00000, 0x000000008cc00000, 0x000000008cd00000|  0%| F|  |TAMS 0x000000008cc00000, 0x000000008cc00000| Untracked 
| 103|0x000000008cd00000, 0x000000008cd00000, 0x000000008ce00000|  0%| F|  |TAMS 0x000000008cd00000, 0x000000008cd00000| Untracked 
| 104|0x000000008ce00000, 0x000000008ce00000, 0x000000008cf00000|  0%| F|  |TAMS 0x000000008ce00000, 0x000000008ce00000| Untracked 
| 105|0x000000008cf00000, 0x000000008cf00000, 0x000000008d000000|  0%| F|  |TAMS 0x000000008cf00000, 0x000000008cf00000| Untracked 
| 106|0x000000008d000000, 0x000000008d000000, 0x000000008d100000|  0%| F|  |TAMS 0x000000008d000000, 0x000000008d000000| Untracked 
| 107|0x000000008d100000, 0x000000008d100000, 0x000000008d200000|  0%| F|  |TAMS 0x000000008d100000, 0x000000008d100000| Untracked 
| 108|0x000000008d200000, 0x000000008d200000, 0x000000008d300000|  0%| F|  |TAMS 0x000000008d200000, 0x000000008d200000| Untracked 
| 109|0x000000008d300000, 0x000000008d300000, 0x000000008d400000|  0%| F|  |TAMS 0x000000008d300000, 0x000000008d300000| Untracked 
| 110|0x000000008d400000, 0x000000008d400000, 0x000000008d500000|  0%| F|  |TAMS 0x000000008d400000, 0x000000008d400000| Untracked 
| 111|0x000000008d500000, 0x000000008d500000, 0x000000008d600000|  0%| F|  |TAMS 0x000000008d500000, 0x000000008d500000| Untracked 
| 112|0x000000008d600000, 0x000000008d600000, 0x000000008d700000|  0%| F|  |TAMS 0x000000008d600000, 0x000000008d600000| Untracked 
| 113|0x000000008d700000, 0x000000008d700000, 0x000000008d800000|  0%| F|  |TAMS 0x000000008d700000, 0x000000008d700000| Untracked 
| 114|0x000000008d800000, 0x000000008d800000, 0x000000008d900000|  0%| F|  |TAMS 0x000000008d800000, 0x000000008d800000| Untracked 
| 115|0x000000008d900000, 0x000000008d900000, 0x000000008da00000|  0%| F|  |TAMS 0x000000008d900000, 0x000000008d900000| Untracked 
| 116|0x000000008da00000, 0x000000008da00000, 0x000000008db00000|  0%| F|  |TAMS 0x000000008da00000, 0x000000008da00000| Untracked 
| 117|0x000000008db00000, 0x000000008db00000, 0x000000008dc00000|  0%| F|  |TAMS 0x000000008db00000, 0x000000008db00000| Untracked 
| 118|0x000000008dc00000, 0x000000008dc00000, 0x000000008dd00000|  0%| F|  |TAMS 0x000000008dc00000, 0x000000008dc00000| Untracked 
| 119|0x000000008dd00000, 0x000000008dd00000, 0x000000008de00000|  0%| F|  |TAMS 0x000000008dd00000, 0x000000008dd00000| Untracked 
| 120|0x000000008de00000, 0x000000008de00000, 0x000000008df00000|  0%| F|  |TAMS 0x000000008de00000, 0x000000008de00000| Untracked 
| 121|0x000000008df00000, 0x000000008df00000, 0x000000008e000000|  0%| F|  |TAMS 0x000000008df00000, 0x000000008df00000| Untracked 
| 122|0x000000008e000000, 0x000000008e000000, 0x000000008e100000|  0%| F|  |TAMS 0x000000008e000000, 0x000000008e000000| Untracked 
| 123|0x000000008e100000, 0x000000008e100000, 0x000000008e200000|  0%| F|  |TAMS 0x000000008e100000, 0x000000008e100000| Untracked 
| 124|0x000000008e200000, 0x000000008e200000, 0x000000008e300000|  0%| F|  |TAMS 0x000000008e200000, 0x000000008e200000| Untracked 
| 125|0x000000008e300000, 0x000000008e300000, 0x000000008e400000|  0%| F|  |TAMS 0x000000008e300000, 0x000000008e300000| Untracked 
| 126|0x000000008e400000, 0x000000008e400000, 0x000000008e500000|  0%| F|  |TAMS 0x000000008e400000, 0x000000008e400000| Untracked 
| 127|0x000000008e500000, 0x000000008e500000, 0x000000008e600000|  0%| F|  |TAMS 0x000000008e500000, 0x000000008e500000| Untracked 
| 128|0x000000008e600000, 0x000000008e600000, 0x000000008e700000|  0%| F|  |TAMS 0x000000008e600000, 0x000000008e600000| Untracked 
| 129|0x000000008e700000, 0x000000008e700000, 0x000000008e800000|  0%| F|  |TAMS 0x000000008e700000, 0x000000008e700000| Untracked 
| 130|0x000000008e800000, 0x000000008e800000, 0x000000008e900000|  0%| F|  |TAMS 0x000000008e800000, 0x000000008e800000| Untracked 
| 131|0x000000008e900000, 0x000000008e900000, 0x000000008ea00000|  0%| F|  |TAMS 0x000000008e900000, 0x000000008e900000| Untracked 
| 132|0x000000008ea00000, 0x000000008ea00000, 0x000000008eb00000|  0%| F|  |TAMS 0x000000008ea00000, 0x000000008ea00000| Untracked 
| 133|0x000000008eb00000, 0x000000008eb00000, 0x000000008ec00000|  0%| F|  |TAMS 0x000000008eb00000, 0x000000008eb00000| Untracked 
| 134|0x000000008ec00000, 0x000000008ec00000, 0x000000008ed00000|  0%| F|  |TAMS 0x000000008ec00000, 0x000000008ec00000| Untracked 
| 135|0x000000008ed00000, 0x000000008ed00000, 0x000000008ee00000|  0%| F|  |TAMS 0x000000008ed00000, 0x000000008ed00000| Untracked 
| 136|0x000000008ee00000, 0x000000008ee00000, 0x000000008ef00000|  0%| F|  |TAMS 0x000000008ee00000, 0x000000008ee00000| Untracked 
| 137|0x000000008ef00000, 0x000000008ef00000, 0x000000008f000000|  0%| F|  |TAMS 0x000000008ef00000, 0x000000008ef00000| Untracked 
| 138|0x000000008f000000, 0x000000008f000000, 0x000000008f100000|  0%| F|  |TAMS 0x000000008f000000, 0x000000008f000000| Untracked 
| 139|0x000000008f100000, 0x000000008f100000, 0x000000008f200000|  0%| F|  |TAMS 0x000000008f100000, 0x000000008f100000| Untracked 
| 140|0x000000008f200000, 0x000000008f200000, 0x000000008f300000|  0%| F|  |TAMS 0x000000008f200000, 0x000000008f200000| Untracked 
| 141|0x000000008f300000, 0x000000008f300000, 0x000000008f400000|  0%| F|  |TAMS 0x000000008f300000, 0x000000008f300000| Untracked 
| 142|0x000000008f400000, 0x000000008f400000, 0x000000008f500000|  0%| F|  |TAMS 0x000000008f400000, 0x000000008f400000| Untracked 
| 143|0x000000008f500000, 0x000000008f500000, 0x000000008f600000|  0%| F|  |TAMS 0x000000008f500000, 0x000000008f500000| Untracked 
| 144|0x000000008f600000, 0x000000008f600000, 0x000000008f700000|  0%| F|  |TAMS 0x000000008f600000, 0x000000008f600000| Untracked 
| 145|0x000000008f700000, 0x000000008f700000, 0x000000008f800000|  0%| F|  |TAMS 0x000000008f700000, 0x000000008f700000| Untracked 
| 146|0x000000008f800000, 0x000000008f800000, 0x000000008f900000|  0%| F|  |TAMS 0x000000008f800000, 0x000000008f800000| Untracked 
| 147|0x000000008f900000, 0x000000008f900000, 0x000000008fa00000|  0%| F|  |TAMS 0x000000008f900000, 0x000000008f900000| Untracked 
| 148|0x000000008fa00000, 0x000000008fa00000, 0x000000008fb00000|  0%| F|  |TAMS 0x000000008fa00000, 0x000000008fa00000| Untracked 
| 149|0x000000008fb00000, 0x000000008fb00000, 0x000000008fc00000|  0%| F|  |TAMS 0x000000008fb00000, 0x000000008fb00000| Untracked 
| 150|0x000000008fc00000, 0x000000008fc00000, 0x000000008fd00000|  0%| F|  |TAMS 0x000000008fc00000, 0x000000008fc00000| Untracked 
| 151|0x000000008fd00000, 0x000000008fd00000, 0x000000008fe00000|  0%| F|  |TAMS 0x000000008fd00000, 0x000000008fd00000| Untracked 
| 152|0x000000008fe00000, 0x000000008fe00000, 0x000000008ff00000|  0%| F|  |TAMS 0x000000008fe00000, 0x000000008fe00000| Untracked 
| 153|0x000000008ff00000, 0x000000008ff00000, 0x0000000090000000|  0%| F|  |TAMS 0x000000008ff00000, 0x000000008ff00000| Untracked 
| 154|0x0000000090000000, 0x0000000090000000, 0x0000000090100000|  0%| F|  |TAMS 0x0000000090000000, 0x0000000090000000| Untracked 
| 155|0x0000000090100000, 0x0000000090100000, 0x0000000090200000|  0%| F|  |TAMS 0x0000000090100000, 0x0000000090100000| Untracked 
| 156|0x0000000090200000, 0x0000000090200000, 0x0000000090300000|  0%| F|  |TAMS 0x0000000090200000, 0x0000000090200000| Untracked 
| 157|0x0000000090300000, 0x0000000090300000, 0x0000000090400000|  0%| F|  |TAMS 0x0000000090300000, 0x0000000090300000| Untracked 
| 158|0x0000000090400000, 0x0000000090400000, 0x0000000090500000|  0%| F|  |TAMS 0x0000000090400000, 0x0000000090400000| Untracked 
| 159|0x0000000090500000, 0x0000000090500000, 0x0000000090600000|  0%| F|  |TAMS 0x0000000090500000, 0x0000000090500000| Untracked 
| 160|0x0000000090600000, 0x0000000090600000, 0x0000000090700000|  0%| F|  |TAMS 0x0000000090600000, 0x0000000090600000| Untracked 
| 161|0x0000000090700000, 0x0000000090700000, 0x0000000090800000|  0%| F|  |TAMS 0x0000000090700000, 0x0000000090700000| Untracked 
| 162|0x0000000090800000, 0x0000000090800000, 0x0000000090900000|  0%| F|  |TAMS 0x0000000090800000, 0x0000000090800000| Untracked 
| 163|0x0000000090900000, 0x0000000090900000, 0x0000000090a00000|  0%| F|  |TAMS 0x0000000090900000, 0x0000000090900000| Untracked 
| 164|0x0000000090a00000, 0x0000000090a00000, 0x0000000090b00000|  0%| F|  |TAMS 0x0000000090a00000, 0x0000000090a00000| Untracked 
| 165|0x0000000090b00000, 0x0000000090b00000, 0x0000000090c00000|  0%| F|  |TAMS 0x0000000090b00000, 0x0000000090b00000| Untracked 
| 166|0x0000000090c00000, 0x0000000090c00000, 0x0000000090d00000|  0%| F|  |TAMS 0x0000000090c00000, 0x0000000090c00000| Untracked 
| 167|0x0000000090d00000, 0x0000000090d00000, 0x0000000090e00000|  0%| F|  |TAMS 0x0000000090d00000, 0x0000000090d00000| Untracked 
| 168|0x0000000090e00000, 0x0000000090e00000, 0x0000000090f00000|  0%| F|  |TAMS 0x0000000090e00000, 0x0000000090e00000| Untracked 
| 169|0x0000000090f00000, 0x0000000090f00000, 0x0000000091000000|  0%| F|  |TAMS 0x0000000090f00000, 0x0000000090f00000| Untracked 
| 170|0x0000000091000000, 0x0000000091000000, 0x0000000091100000|  0%| F|  |TAMS 0x0000000091000000, 0x0000000091000000| Untracked 
| 171|0x0000000091100000, 0x0000000091100000, 0x0000000091200000|  0%| F|  |TAMS 0x0000000091100000, 0x0000000091100000| Untracked 
| 172|0x0000000091200000, 0x0000000091200000, 0x0000000091300000|  0%| F|  |TAMS 0x0000000091200000, 0x0000000091200000| Untracked 
| 173|0x0000000091300000, 0x0000000091399330, 0x0000000091400000| 59%| S|CS|TAMS 0x0000000091300000, 0x0000000091300000| Complete 
| 174|0x0000000091400000, 0x0000000091500000, 0x0000000091500000|100%| S|CS|TAMS 0x0000000091400000, 0x0000000091400000| Complete 
| 175|0x0000000091500000, 0x0000000091500000, 0x0000000091600000|  0%| F|  |TAMS 0x0000000091500000, 0x0000000091500000| Untracked 
| 176|0x0000000091600000, 0x0000000091600000, 0x0000000091700000|  0%| F|  |TAMS 0x0000000091600000, 0x0000000091600000| Untracked 
| 177|0x0000000091700000, 0x0000000091700000, 0x0000000091800000|  0%| F|  |TAMS 0x0000000091700000, 0x0000000091700000| Untracked 
| 178|0x0000000091800000, 0x0000000091800000, 0x0000000091900000|  0%| F|  |TAMS 0x0000000091800000, 0x0000000091800000| Untracked 
| 179|0x0000000091900000, 0x0000000091900000, 0x0000000091a00000|  0%| F|  |TAMS 0x0000000091900000, 0x0000000091900000| Untracked 
| 180|0x0000000091a00000, 0x0000000091a00000, 0x0000000091b00000|  0%| F|  |TAMS 0x0000000091a00000, 0x0000000091a00000| Untracked 
| 181|0x0000000091b00000, 0x0000000091b00000, 0x0000000091c00000|  0%| F|  |TAMS 0x0000000091b00000, 0x0000000091b00000| Untracked 
| 182|0x0000000091c00000, 0x0000000091c00000, 0x0000000091d00000|  0%| F|  |TAMS 0x0000000091c00000, 0x0000000091c00000| Untracked 
| 183|0x0000000091d00000, 0x0000000091d00000, 0x0000000091e00000|  0%| F|  |TAMS 0x0000000091d00000, 0x0000000091d00000| Untracked 
| 184|0x0000000091e00000, 0x0000000091e00000, 0x0000000091f00000|  0%| F|  |TAMS 0x0000000091e00000, 0x0000000091e00000| Untracked 
| 185|0x0000000091f00000, 0x0000000091f00000, 0x0000000092000000|  0%| F|  |TAMS 0x0000000091f00000, 0x0000000091f00000| Untracked 

Card table byte_map: [0x00000225c5e10000,0x00000225c61e0000] _byte_map_base: 0x00000225c59dd000

Marking Bits (Prev, Next): (CMBitMap*) 0x00000225baead1c0, (CMBitMap*) 0x00000225baead180
 Prev Bits: [0x00000225c8420000, 0x00000225ca288000)
 Next Bits: [0x00000225c65b0000, 0x00000225c8418000)

Polling page: 0x00000225ba5e0000

Metaspace:

Usage:
  Non-class:     64.16 MB used.
      Class:     10.70 MB used.
       Both:     74.86 MB used.

Virtual space:
  Non-class space:      128.00 MB reserved,      64.50 MB ( 50%) committed,  2 nodes.
      Class space:        1.00 GB reserved,      11.00 MB (  1%) committed,  1 nodes.
             Both:        1.12 GB reserved,      75.50 MB (  7%) committed. 

Chunk freelists:
   Non-Class:  15.54 MB
       Class:  4.83 MB
        Both:  20.36 MB

MaxMetaspaceSize: unlimited
CompressedClassSpaceSize: 1.00 GB
Initial GC threshold: 21.00 MB
Current GC threshold: 109.19 MB
CDS: on
MetaspaceReclaimPolicy: balanced
 - commit_granule_bytes: 65536.
 - commit_granule_words: 8192.
 - virtual_space_node_default_size: 8388608.
 - enlarge_chunks_in_place: 1.
 - new_chunks_are_fully_committed: 0.
 - uncommit_free_chunks: 1.
 - use_allocation_guard: 0.
 - handle_deallocations: 1.


Internal statistics:

num_allocs_failed_limit: 9.
num_arena_births: 920.
num_arena_deaths: 0.
num_vsnodes_births: 3.
num_vsnodes_deaths: 0.
num_space_committed: 1208.
num_space_uncommitted: 0.
num_chunks_returned_to_freelist: 9.
num_chunks_taken_from_freelist: 3615.
num_chunk_merges: 9.
num_chunk_splits: 2609.
num_chunks_enlarged: 1994.
num_inconsistent_stats: 0.

CodeCache: size=49152Kb used=13296Kb max_used=14788Kb free=35855Kb
 bounds [0x00000225c2930000, 0x00000225c37b0000, 0x00000225c5930000]
 total_blobs=7983 nmethods=7272 adapters=638
 compilation: enabled
              stopped_count=0, restarted_count=0
 full_count=0

Compilation events (20 events):
Event: 41.792 Thread 0x00000225ccd5b9c0 7263       1       java.lang.StringUTF16::newString (58 bytes)
Event: 41.792 Thread 0x00000225ccd5b9c0 nmethod 7263 0x00000225c3683b10 code [0x00000225c3683ce0, 0x00000225c36840b8]
Event: 41.792 Thread 0x00000225ccd5b9c0 7265       1       java.lang.AbstractStringBuilder::append (67 bytes)
Event: 41.792 Thread 0x00000225ccd5b9c0 nmethod 7265 0x00000225c3683610 code [0x00000225c36837e0, 0x00000225c36839e8]
Event: 41.792 Thread 0x00000225ccd5b9c0 7266       1       java.lang.AbstractStringBuilder::getBytes (44 bytes)
Event: 41.793 Thread 0x00000225ccd5b9c0 nmethod 7266 0x00000225c3683190 code [0x00000225c3683340, 0x00000225c3683538]
Event: 41.793 Thread 0x00000225ccd5b9c0 7267       1       java.lang.StringLatin1::inflate (10 bytes)
Event: 41.793 Thread 0x00000225ccd5b9c0 nmethod 7267 0x00000225c3682e90 code [0x00000225c3683020, 0x00000225c36830e8]
Event: 41.793 Thread 0x00000225ccd5b9c0 7268       1       org.jsoup.parser.Tokeniser::emit (75 bytes)
Event: 41.793 Thread 0x00000225ccd5b9c0 nmethod 7268 0x00000225c3682710 code [0x00000225c36828e0, 0x00000225c3682c38]
Event: 41.793 Thread 0x00000225ccd5b9c0 7264       1       java.lang.StringUTF16::compress (20 bytes)
Event: 41.793 Thread 0x00000225ccd5b9c0 nmethod 7264 0x00000225c3682310 code [0x00000225c36824c0, 0x00000225c3682668]
Event: 41.828 Thread 0x00000225ccd5b9c0 7269       1       java.nio.ByteBuffer::mark (7 bytes)
Event: 41.828 Thread 0x00000225ccd5b9c0 nmethod 7269 0x00000225c3682010 code [0x00000225c36821a0, 0x00000225c3682278]
Event: 41.833 Thread 0x00000225ccd5b9c0 7270       1       com.sun.crypto.provider.GHASH::ghashRangeCheck (215 bytes)
Event: 41.835 Thread 0x00000225ccd5b9c0 nmethod 7270 0x00000225c3680110 code [0x00000225c36804e0, 0x00000225c36817f8]
Event: 41.872 Thread 0x00000225ccd5b9c0 7271       1       java.io.BufferedReader::fill (170 bytes)
Event: 41.873 Thread 0x00000225ccd5b9c0 nmethod 7271 0x00000225c367f990 code [0x00000225c367fb60, 0x00000225c367ff68]
Event: 41.876 Thread 0x00000225ccd5b9c0 7272       1       java.nio.HeapByteBuffer::<init> (31 bytes)
Event: 41.876 Thread 0x00000225ccd5b9c0 nmethod 7272 0x00000225c367f610 code [0x00000225c367f7a0, 0x00000225c367f8e8]

GC Heap History (20 events):
Event: 25.447 GC heap after
{Heap after GC invocations=21 (full 0):
 garbage-first heap   total 95232K, used 34288K [0x0000000086600000, 0x0000000100000000)
  region size 1024K, 1 young (1024K), 1 survivors (1024K)
 Metaspace       used 65285K, committed 65856K, reserved 1114112K
  class space    used 9418K, committed 9664K, reserved 1048576K
}
Event: 25.657 GC heap before
{Heap before GC invocations=21 (full 0):
 garbage-first heap   total 95232K, used 77296K [0x0000000086600000, 0x0000000100000000)
  region size 1024K, 42 young (43008K), 1 survivors (1024K)
 Metaspace       used 66205K, committed 66816K, reserved 1114112K
  class space    used 9522K, committed 9792K, reserved 1048576K
}
Event: 25.662 GC heap after
{Heap after GC invocations=22 (full 0):
 garbage-first heap   total 95232K, used 41793K [0x0000000086600000, 0x0000000100000000)
  region size 1024K, 6 young (6144K), 6 survivors (6144K)
 Metaspace       used 66205K, committed 66816K, reserved 1114112K
  class space    used 9522K, committed 9792K, reserved 1048576K
}
Event: 25.781 GC heap before
{Heap before GC invocations=22 (full 0):
 garbage-first heap   total 95232K, used 73537K [0x0000000086600000, 0x0000000100000000)
  region size 1024K, 37 young (37888K), 6 survivors (6144K)
 Metaspace       used 66299K, committed 66880K, reserved 1114112K
  class space    used 9535K, committed 9792K, reserved 1048576K
}
Event: 25.788 GC heap after
{Heap after GC invocations=23 (full 0):
 garbage-first heap   total 95232K, used 51046K [0x0000000086600000, 0x0000000100000000)
  region size 1024K, 5 young (5120K), 5 survivors (5120K)
 Metaspace       used 66299K, committed 66880K, reserved 1114112K
  class space    used 9535K, committed 9792K, reserved 1048576K
}
Event: 25.821 GC heap before
{Heap before GC invocations=23 (full 0):
 garbage-first heap   total 95232K, used 71526K [0x0000000086600000, 0x0000000100000000)
  region size 1024K, 26 young (26624K), 5 survivors (5120K)
 Metaspace       used 66299K, committed 66880K, reserved 1114112K
  class space    used 9535K, committed 9792K, reserved 1048576K
}
Event: 25.827 GC heap after
{Heap after GC invocations=24 (full 0):
 garbage-first heap   total 190464K, used 55655K [0x0000000086600000, 0x0000000100000000)
  region size 1024K, 4 young (4096K), 4 survivors (4096K)
 Metaspace       used 66299K, committed 66880K, reserved 1114112K
  class space    used 9535K, committed 9792K, reserved 1048576K
}
Event: 26.047 GC heap before
{Heap before GC invocations=25 (full 0):
 garbage-first heap   total 190464K, used 135527K [0x0000000086600000, 0x0000000100000000)
  region size 1024K, 82 young (83968K), 4 survivors (4096K)
 Metaspace       used 66299K, committed 66880K, reserved 1114112K
  class space    used 9535K, committed 9792K, reserved 1048576K
}
Event: 26.065 GC heap after
{Heap after GC invocations=26 (full 0):
 garbage-first heap   total 190464K, used 76091K [0x0000000086600000, 0x0000000100000000)
  region size 1024K, 11 young (11264K), 11 survivors (11264K)
 Metaspace       used 66299K, committed 66880K, reserved 1114112K
  class space    used 9535K, committed 9792K, reserved 1048576K
}
Event: 26.070 GC heap before
{Heap before GC invocations=26 (full 0):
 garbage-first heap   total 190464K, used 77115K [0x0000000086600000, 0x0000000100000000)
  region size 1024K, 12 young (12288K), 11 survivors (11264K)
 Metaspace       used 66299K, committed 66880K, reserved 1114112K
  class space    used 9535K, committed 9792K, reserved 1048576K
}
Event: 26.078 GC heap after
{Heap after GC invocations=27 (full 0):
 garbage-first heap   total 190464K, used 78284K [0x0000000086600000, 0x0000000100000000)
  region size 1024K, 2 young (2048K), 2 survivors (2048K)
 Metaspace       used 66299K, committed 66880K, reserved 1114112K
  class space    used 9535K, committed 9792K, reserved 1048576K
}
Event: 26.223 GC heap before
{Heap before GC invocations=27 (full 0):
 garbage-first heap   total 190464K, used 135628K [0x0000000086600000, 0x0000000100000000)
  region size 1024K, 58 young (59392K), 2 survivors (2048K)
 Metaspace       used 66340K, committed 66944K, reserved 1114112K
  class space    used 9542K, committed 9792K, reserved 1048576K
}
Event: 26.234 GC heap after
{Heap after GC invocations=28 (full 0):
 garbage-first heap   total 190464K, used 91415K [0x0000000086600000, 0x0000000100000000)
  region size 1024K, 8 young (8192K), 8 survivors (8192K)
 Metaspace       used 66340K, committed 66944K, reserved 1114112K
  class space    used 9542K, committed 9792K, reserved 1048576K
}
Event: 29.669 GC heap before
{Heap before GC invocations=29 (full 0):
 garbage-first heap   total 190464K, used 150807K [0x0000000086600000, 0x0000000100000000)
  region size 1024K, 56 young (57344K), 8 survivors (8192K)
 Metaspace       used 74433K, committed 75072K, reserved 1114112K
  class space    used 10635K, committed 10944K, reserved 1048576K
}
Event: 29.683 GC heap after
{Heap after GC invocations=30 (full 0):
 garbage-first heap   total 190464K, used 100796K [0x0000000086600000, 0x0000000100000000)
  region size 1024K, 7 young (7168K), 7 survivors (7168K)
 Metaspace       used 74433K, committed 75072K, reserved 1114112K
  class space    used 10635K, committed 10944K, reserved 1048576K
}
Event: 29.739 GC heap before
{Heap before GC invocations=30 (full 0):
 garbage-first heap   total 190464K, used 101820K [0x0000000086600000, 0x0000000100000000)
  region size 1024K, 9 young (9216K), 7 survivors (7168K)
 Metaspace       used 75153K, committed 75776K, reserved 1114112K
  class space    used 10743K, committed 11072K, reserved 1048576K
}
Event: 29.744 GC heap after
{Heap after GC invocations=31 (full 0):
 garbage-first heap   total 190464K, used 81920K [0x0000000086600000, 0x0000000100000000)
  region size 1024K, 1 young (1024K), 1 survivors (1024K)
 Metaspace       used 75153K, committed 75776K, reserved 1114112K
  class space    used 10743K, committed 11072K, reserved 1048576K
}
Event: 29.894 GC heap before
{Heap before GC invocations=31 (full 0):
 garbage-first heap   total 190464K, used 89088K [0x0000000086600000, 0x0000000100000000)
  region size 1024K, 9 young (9216K), 1 survivors (1024K)
 Metaspace       used 76504K, committed 77120K, reserved 1179648K
  class space    used 10934K, committed 11264K, reserved 1048576K
}
Event: 29.897 GC heap after
{Heap after GC invocations=32 (full 0):
 garbage-first heap   total 190464K, used 74158K [0x0000000086600000, 0x0000000100000000)
  region size 1024K, 1 young (1024K), 1 survivors (1024K)
 Metaspace       used 76504K, committed 77120K, reserved 1179648K
  class space    used 10934K, committed 11264K, reserved 1048576K
}
Event: 41.877 GC heap before
{Heap before GC invocations=32 (full 0):
 garbage-first heap   total 190464K, used 98734K [0x0000000086600000, 0x0000000100000000)
  region size 1024K, 11 young (11264K), 1 survivors (1024K)
 Metaspace       used 76652K, committed 77312K, reserved 1179648K
  class space    used 10953K, committed 11264K, reserved 1048576K
}

Dll operation events (13 events):
Event: 0.039 Loaded shared library C:\Users\swh01\.jdks\corretto-17.0.9\bin\java.dll
Event: 0.108 Loaded shared library C:\Users\swh01\.jdks\corretto-17.0.9\bin\jsvml.dll
Event: 0.737 Loaded shared library C:\Users\swh01\.jdks\corretto-17.0.9\bin\zip.dll
Event: 0.759 Loaded shared library C:\Users\swh01\.jdks\corretto-17.0.9\bin\instrument.dll
Event: 0.782 Loaded shared library C:\Users\swh01\.jdks\corretto-17.0.9\bin\net.dll
Event: 0.791 Loaded shared library C:\Users\swh01\.jdks\corretto-17.0.9\bin\nio.dll
Event: 0.802 Loaded shared library C:\Users\swh01\.jdks\corretto-17.0.9\bin\zip.dll
Event: 1.709 Loaded shared library C:\Program Files\JetBrains\IntelliJ IDEA 2023.2.5\bin\breakgen64.dll
Event: 1.732 Loaded shared library C:\Users\swh01\.jdks\corretto-17.0.9\bin\jimage.dll
Event: 1.818 Loaded shared library C:\Users\swh01\.jdks\corretto-17.0.9\bin\management.dll
Event: 1.878 Loaded shared library C:\Users\swh01\.jdks\corretto-17.0.9\bin\management_ext.dll
Event: 9.821 Loaded shared library C:\Users\swh01\.jdks\corretto-17.0.9\bin\verify.dll
Event: 11.195 Loaded shared library C:\Users\swh01\.jdks\corretto-17.0.9\bin\sunmscapi.dll

Deoptimization events (20 events):
Event: 10.676 Thread 0x00000225ccd55f40 DEOPT PACKING pc=0x00000225c2f7a4d5 sp=0x000000bef0bfd120
Event: 10.676 Thread 0x00000225ccd55f40 DEOPT UNPACKING pc=0x00000225c298ace3 sp=0x000000bef0bfc5c8 mode 3
Event: 17.656 Thread 0x00000225ccd55f40 DEOPT PACKING pc=0x00000225c321f71d sp=0x000000bef0bfbf90
Event: 17.656 Thread 0x00000225ccd55f40 DEOPT UNPACKING pc=0x00000225c298ace3 sp=0x000000bef0bfb4f8 mode 3
Event: 17.705 Thread 0x00000225ccd55f40 DEOPT PACKING pc=0x00000225c2f48501 sp=0x000000bef0bfe110
Event: 17.705 Thread 0x00000225ccd55f40 DEOPT UNPACKING pc=0x00000225c298ace3 sp=0x000000bef0bfd5a0 mode 3
Event: 17.705 Thread 0x0000022614111fa0 DEOPT PACKING pc=0x00000225c2e20317 sp=0x000000bef11ff300
Event: 17.706 Thread 0x0000022614111fa0 DEOPT UNPACKING pc=0x00000225c298ace3 sp=0x000000bef11fe758 mode 3
Event: 24.380 Thread 0x00000225ccd55f40 DEOPT PACKING pc=0x00000225c2f2fe2a sp=0x000000bef0bfc4a0
Event: 24.380 Thread 0x00000225ccd55f40 DEOPT UNPACKING pc=0x00000225c298ace3 sp=0x000000bef0bfb9a8 mode 3
Event: 24.380 Thread 0x00000225ccd55f40 DEOPT PACKING pc=0x00000225c2f1aaa5 sp=0x000000bef0bfc460
Event: 24.380 Thread 0x00000225ccd55f40 DEOPT UNPACKING pc=0x00000225c298ace3 sp=0x000000bef0bfb9a8 mode 3
Event: 24.583 Thread 0x00000225ccd55f40 DEOPT PACKING pc=0x00000225c2f59aa4 sp=0x000000bef0bfc950
Event: 24.583 Thread 0x00000225ccd55f40 DEOPT UNPACKING pc=0x00000225c298ace3 sp=0x000000bef0bfbea8 mode 0
Event: 25.551 Thread 0x00000225ccd55f40 DEOPT PACKING pc=0x00000225c33c787b sp=0x000000bef0bfa590
Event: 25.551 Thread 0x00000225ccd55f40 DEOPT UNPACKING pc=0x00000225c298ace3 sp=0x000000bef0bf9ad8 mode 3
Event: 27.440 Thread 0x00000225ccd540e0 DEOPT PACKING pc=0x00000225c3341ffc sp=0x000000bef0dfebb0
Event: 27.440 Thread 0x00000225ccd540e0 DEOPT UNPACKING pc=0x00000225c298ace3 sp=0x000000bef0dfe0c8 mode 0
Event: 27.441 Thread 0x00000225ccd540e0 DEOPT PACKING pc=0x00000225c2c2efe4 sp=0x000000bef0dfec80
Event: 27.441 Thread 0x00000225ccd540e0 DEOPT UNPACKING pc=0x00000225c298ace3 sp=0x000000bef0dfe168 mode 0

Classes unloaded (0 events):
No events

Classes redefined (0 events):
No events

Internal exceptions (20 events):
Event: 26.120 Thread 0x00000226141170a0 Exception <a 'sun/nio/fs/WindowsException'{0x00000000919d0db0}> (0x00000000919d0db0) 
thrown [s\src\hotspot\share\prims\jni.cpp, line 516]
Event: 26.120 Thread 0x00000226141170a0 Exception <a 'sun/nio/fs/WindowsException'{0x00000000919d1050}> (0x00000000919d1050) 
thrown [s\src\hotspot\share\prims\jni.cpp, line 516]
Event: 26.120 Thread 0x00000226141170a0 Exception <a 'sun/nio/fs/WindowsException'{0x00000000919d1958}> (0x00000000919d1958) 
thrown [s\src\hotspot\share\prims\jni.cpp, line 516]
Event: 26.120 Thread 0x00000226141170a0 Exception <a 'sun/nio/fs/WindowsException'{0x00000000919d1c18}> (0x00000000919d1c18) 
thrown [s\src\hotspot\share\prims\jni.cpp, line 516]
Event: 26.121 Thread 0x00000226141170a0 Exception <a 'sun/nio/fs/WindowsException'{0x00000000919d2510}> (0x00000000919d2510) 
thrown [s\src\hotspot\share\prims\jni.cpp, line 516]
Event: 26.121 Thread 0x00000226141170a0 Exception <a 'sun/nio/fs/WindowsException'{0x00000000919d27b0}> (0x00000000919d27b0) 
thrown [s\src\hotspot\share\prims\jni.cpp, line 516]
Event: 26.121 Thread 0x00000226141170a0 Exception <a 'sun/nio/fs/WindowsException'{0x00000000919d30b8}> (0x00000000919d30b8) 
thrown [s\src\hotspot\share\prims\jni.cpp, line 516]
Event: 26.121 Thread 0x00000226141170a0 Exception <a 'sun/nio/fs/WindowsException'{0x00000000919d3378}> (0x00000000919d3378) 
thrown [s\src\hotspot\share\prims\jni.cpp, line 516]
Event: 26.122 Thread 0x00000226141170a0 Exception <a 'sun/nio/fs/WindowsException'{0x00000000919d3c98}> (0x00000000919d3c98) 
thrown [s\src\hotspot\share\prims\jni.cpp, line 516]
Event: 26.122 Thread 0x00000226141170a0 Exception <a 'sun/nio/fs/WindowsException'{0x00000000919d3f68}> (0x00000000919d3f68) 
thrown [s\src\hotspot\share\prims\jni.cpp, line 516]
Event: 26.125 Thread 0x00000226141170a0 Exception <a 'sun/nio/fs/WindowsException'{0x00000000919d48a0}> (0x00000000919d48a0) 
thrown [s\src\hotspot\share\prims\jni.cpp, line 516]
Event: 26.125 Thread 0x00000226141170a0 Exception <a 'sun/nio/fs/WindowsException'{0x00000000919d4b90}> (0x00000000919d4b90) 
thrown [s\src\hotspot\share\prims\jni.cpp, line 516]
Event: 26.126 Thread 0x00000226141170a0 Exception <a 'sun/nio/fs/WindowsException'{0x00000000919d54c0}> (0x00000000919d54c0) 
thrown [s\src\hotspot\share\prims\jni.cpp, line 516]
Event: 26.126 Thread 0x00000226141170a0 Exception <a 'sun/nio/fs/WindowsException'{0x00000000919d57b0}> (0x00000000919d57b0) 
thrown [s\src\hotspot\share\prims\jni.cpp, line 516]
Event: 26.366 Thread 0x00000225ccd55f40 Exception <a 'java/lang/NoSuchMethodError'{0x0000000091be4250}: 'java.lang.Object java.lang.invoke.DirectMethodHandle$Holder.invokeInterface(java.lang.Object, java.lang.Object, java.lang.Object, java.lang.Object)'> (0x0000000091be4250) 
thrown [s\src\hotspot\share\interpreter\linkResolver.cpp, line 759]
Event: 26.452 Thread 0x00000225ccd55f40 Exception <a 'java/lang/NoSuchMethodError'{0x00000000918cf420}: 'void java.lang.invoke.DirectMethodHandle$Holder.invokeVirtual(java.lang.Object, java.lang.Object, long)'> (0x00000000918cf420) 
thrown [s\src\hotspot\share\interpreter\linkResolver.cpp, line 759]
Event: 26.559 Thread 0x00000225ccd55f40 Exception <a 'java/lang/NoSuchMethodError'{0x00000000914a0978}: 'int java.lang.invoke.DirectMethodHandle$Holder.invokeStaticInit(java.lang.Object, java.lang.Object, java.lang.Object, java.lang.Object)'> (0x00000000914a0978) 
thrown [s\src\hotspot\share\interpreter\linkResolver.cpp, line 759]
Event: 26.764 Thread 0x00000225ccd55f40 Exception <a 'java/lang/IncompatibleClassChangeError'{0x0000000090daa528}: Found class java.lang.Object, but interface was expected> (0x0000000090daa528) 
thrown [s\src\hotspot\share\interpreter\linkResolver.cpp, line 826]
Event: 26.959 Thread 0x00000225ccd55f40 Exception <a 'java/lang/NoSuchMethodError'{0x00000000905a2b18}: 'java.lang.Object java.lang.invoke.DirectMethodHandle$Holder.newInvokeSpecial(java.lang.Object, java.lang.Object, int, java.lang.Object, java.lang.Object)'> (0x00000000905a2b18) 
thrown [s\src\hotspot\share\interpreter\linkResolver.cpp, line 759]
Event: 29.850 Thread 0x00000225ccd55f40 Exception <a 'java/lang/NoSuchMethodError'{0x0000000091864738}: 'void java.lang.invoke.DirectMethodHandle$Holder.invokeSpecialIFC(java.lang.Object, java.lang.Object, int, java.lang.Object, java.lang.Object, java.lang.Object, java.lang.Object)'> (0x0000000091864738) 
thrown [s\src\hotspot\share\interpreter\linkResolver.cpp, line 759]

VM Operations (20 events):
Event: 29.343 Executing VM operation: Cleanup done
Event: 29.411 Executing VM operation: HandshakeAllThreads
Event: 29.411 Executing VM operation: HandshakeAllThreads done
Event: 29.669 Executing VM operation: G1CollectForAllocation
Event: 29.683 Executing VM operation: G1CollectForAllocation done
Event: 29.735 Executing VM operation: HandshakeAllThreads
Event: 29.735 Executing VM operation: HandshakeAllThreads done
Event: 29.739 Executing VM operation: G1CollectForAllocation
Event: 29.744 Executing VM operation: G1CollectForAllocation done
Event: 29.894 Executing VM operation: G1CollectForAllocation
Event: 29.897 Executing VM operation: G1CollectForAllocation done
Event: 29.915 Executing VM operation: HandshakeAllThreads
Event: 29.915 Executing VM operation: HandshakeAllThreads done
Event: 30.916 Executing VM operation: Cleanup
Event: 30.916 Executing VM operation: Cleanup done
Event: 35.951 Executing VM operation: Cleanup
Event: 35.951 Executing VM operation: Cleanup done
Event: 36.964 Executing VM operation: Cleanup
Event: 36.964 Executing VM operation: Cleanup done
Event: 41.877 Executing VM operation: G1TryInitiateConcMark

Events (20 events):
Event: 30.984 Thread 0x00000226133820d0 Thread exited: 0x00000226133820d0
Event: 34.976 loading class sun/security/ssl/PreSharedKeyExtension$PskIdentity
Event: 34.977 loading class sun/security/ssl/PreSharedKeyExtension$PskIdentity done
Event: 34.977 loading class sun/security/ssl/PreSharedKeyExtension$CHPreSharedKeySpec
Event: 35.006 loading class sun/security/ssl/PreSharedKeyExtension$CHPreSharedKeySpec done
Event: 35.006 loading class sun/security/ssl/PreSharedKeyExtension$PartialClientHelloMessage
Event: 35.006 loading class sun/security/ssl/PreSharedKeyExtension$PartialClientHelloMessage done
Event: 35.006 loading class sun/security/ssl/SSLEngineOutputRecord
Event: 35.008 loading class sun/security/ssl/SSLEngineOutputRecord done
Event: 35.008 loading class sun/security/ssl/SSLEngineOutputRecord$HandshakeFragment
Event: 35.010 loading class sun/security/ssl/SSLEngineOutputRecord$HandshakeFragment done
Event: 35.010 loading class sun/security/ssl/SSLEngineOutputRecord$HandshakeMemo
Event: 35.010 loading class sun/security/ssl/SSLEngineOutputRecord$RecordMemo
Event: 35.010 loading class sun/security/ssl/SSLEngineOutputRecord$RecordMemo done
Event: 35.010 loading class sun/security/ssl/SSLEngineOutputRecord$HandshakeMemo done
Event: 35.057 Thread 0x0000022614116b90 Thread added: 0x0000022614116b90
Event: 35.057 Thread 0x0000022614116b90 Thread exited: 0x0000022614116b90
Event: 35.752 Thread 0x00000226121af540 Thread exited: 0x00000226121af540
Event: 41.065 Thread 0x0000022614116b90 Thread added: 0x0000022614116b90
Event: 41.065 Thread 0x0000022614116b90 Thread exited: 0x0000022614116b90


Dynamic libraries:
0x00007ff7fddf0000 - 0x00007ff7fddfe000 	C:\Users\swh01\.jdks\corretto-17.0.9\bin\java.exe
0x00007ffeba450000 - 0x00007ffeba667000 	C:\WINDOWS\SYSTEM32\ntdll.dll
0x00007ffeb92c0000 - 0x00007ffeb9384000 	C:\WINDOWS\System32\KERNEL32.DLL
0x00007ffeb7b40000 - 0x00007ffeb7ef9000 	C:\WINDOWS\System32\KERNELBASE.dll
0x00007ffeb78c0000 - 0x00007ffeb79d1000 	C:\WINDOWS\System32\ucrtbase.dll
0x00007ffea86d0000 - 0x00007ffea86eb000 	C:\Users\swh01\.jdks\corretto-17.0.9\bin\VCRUNTIME140.dll
0x00007ffe872c0000 - 0x00007ffe872d7000 	C:\Users\swh01\.jdks\corretto-17.0.9\bin\jli.dll
0x00007ffeb8600000 - 0x00007ffeb87ae000 	C:\WINDOWS\System32\USER32.dll
0x00007ffeb7fa0000 - 0x00007ffeb7fc6000 	C:\WINDOWS\System32\win32u.dll
0x00007ffe98750000 - 0x00007ffe989e2000 	C:\WINDOWS\WinSxS\amd64_microsoft.windows.common-controls_6595b64144ccf1df_6.0.22621.4391_none_2715d37f73803e96\COMCTL32.dll
0x00007ffeba0c0000 - 0x00007ffeba167000 	C:\WINDOWS\System32\msvcrt.dll
0x00007ffeb8310000 - 0x00007ffeb8339000 	C:\WINDOWS\System32\GDI32.dll
0x00007ffeb8050000 - 0x00007ffeb816b000 	C:\WINDOWS\System32\gdi32full.dll
0x00007ffeb7aa0000 - 0x00007ffeb7b3a000 	C:\WINDOWS\System32\msvcp_win.dll
0x00007ffeba170000 - 0x00007ffeba1a1000 	C:\WINDOWS\System32\IMM32.DLL
0x00007ffea86c0000 - 0x00007ffea86cc000 	C:\Users\swh01\.jdks\corretto-17.0.9\bin\vcruntime140_1.dll
0x00007ffe79b30000 - 0x00007ffe79bbd000 	C:\Users\swh01\.jdks\corretto-17.0.9\bin\msvcp140.dll
0x00007ffe27430000 - 0x00007ffe28091000 	C:\Users\swh01\.jdks\corretto-17.0.9\bin\server\jvm.dll
0x00007ffeb9200000 - 0x00007ffeb92b2000 	C:\WINDOWS\System32\ADVAPI32.dll
0x00007ffeb9af0000 - 0x00007ffeb9b97000 	C:\WINDOWS\System32\sechost.dll
0x00007ffeb7f00000 - 0x00007ffeb7f28000 	C:\WINDOWS\System32\bcrypt.dll
0x00007ffeba2f0000 - 0x00007ffeba404000 	C:\WINDOWS\System32\RPCRT4.dll
0x00007ffeb7470000 - 0x00007ffeb74bd000 	C:\WINDOWS\SYSTEM32\POWRPROF.dll
0x00007ffeaff10000 - 0x00007ffeaff19000 	C:\WINDOWS\SYSTEM32\WSOCK32.dll
0x00007ffeba270000 - 0x00007ffeba2e1000 	C:\WINDOWS\System32\WS2_32.dll
0x00007ffeb0ac0000 - 0x00007ffeb0af4000 	C:\WINDOWS\SYSTEM32\WINMM.dll
0x00007ffeb04c0000 - 0x00007ffeb04ca000 	C:\WINDOWS\SYSTEM32\VERSION.dll
0x00007ffeb7200000 - 0x00007ffeb7213000 	C:\WINDOWS\SYSTEM32\UMPDC.dll
0x00007ffeb6800000 - 0x00007ffeb6818000 	C:\WINDOWS\SYSTEM32\kernel.appcore.dll
0x00007ffea80b0000 - 0x00007ffea80ba000 	C:\Users\swh01\.jdks\corretto-17.0.9\bin\jimage.dll
0x00007ffeb5da0000 - 0x00007ffeb5fd2000 	C:\WINDOWS\SYSTEM32\DBGHELP.DLL
0x00007ffeb9c50000 - 0x00007ffeb9fdf000 	C:\WINDOWS\System32\combase.dll
0x00007ffeb9fe0000 - 0x00007ffeba0b7000 	C:\WINDOWS\System32\OLEAUT32.dll
0x00007ffe9d1c0000 - 0x00007ffe9d1f2000 	C:\WINDOWS\SYSTEM32\dbgcore.DLL
0x00007ffeb7fd0000 - 0x00007ffeb804b000 	C:\WINDOWS\System32\bcryptPrimitives.dll
0x00007ffea1120000 - 0x00007ffea112e000 	C:\Users\swh01\.jdks\corretto-17.0.9\bin\instrument.dll
0x00007ffe83570000 - 0x00007ffe83595000 	C:\Users\swh01\.jdks\corretto-17.0.9\bin\java.dll
0x00007ffe772e0000 - 0x00007ffe773b7000 	C:\Users\swh01\.jdks\corretto-17.0.9\bin\jsvml.dll
0x00007ffeb8980000 - 0x00007ffeb91f6000 	C:\WINDOWS\System32\SHELL32.dll
0x00007ffeb5380000 - 0x00007ffeb5c83000 	C:\WINDOWS\SYSTEM32\windows.storage.dll
0x00007ffeb5240000 - 0x00007ffeb537f000 	C:\WINDOWS\SYSTEM32\wintypes.dll
0x00007ffeb9390000 - 0x00007ffeb9489000 	C:\WINDOWS\System32\SHCORE.dll
0x00007ffeba1b0000 - 0x00007ffeba20e000 	C:\WINDOWS\System32\shlwapi.dll
0x00007ffeb7680000 - 0x00007ffeb76ab000 	C:\WINDOWS\SYSTEM32\profapi.dll
0x00007ffe82bc0000 - 0x00007ffe82bd8000 	C:\Users\swh01\.jdks\corretto-17.0.9\bin\zip.dll
0x00007ffe83030000 - 0x00007ffe83049000 	C:\Users\swh01\.jdks\corretto-17.0.9\bin\net.dll
0x00007ffeb2950000 - 0x00007ffeb2a86000 	C:\WINDOWS\SYSTEM32\WINHTTP.dll
0x00007ffeb6c80000 - 0x00007ffeb6ce9000 	C:\WINDOWS\system32\mswsock.dll
0x00007ffe82de0000 - 0x00007ffe82df6000 	C:\Users\swh01\.jdks\corretto-17.0.9\bin\nio.dll
0x00007ffeaed20000 - 0x00007ffeaed3a000 	C:\Program Files\JetBrains\IntelliJ IDEA 2023.2.5\bin\breakgen64.dll
0x00007ffeb6220000 - 0x00007ffeb6322000 	C:\WINDOWS\SYSTEM32\DNSAPI.dll
0x00007ffeb6150000 - 0x00007ffeb617d000 	C:\WINDOWS\SYSTEM32\IPHLPAPI.DLL
0x00007ffeb9ad0000 - 0x00007ffeb9ad9000 	C:\WINDOWS\System32\NSI.dll
0x00007ffeb04b0000 - 0x00007ffeb04ba000 	C:\Windows\System32\rasadhlp.dll
0x00007ffeaf5f0000 - 0x00007ffeaf673000 	C:\WINDOWS\System32\fwpuclnt.dll
0x00007ffea1110000 - 0x00007ffea1119000 	C:\Users\swh01\.jdks\corretto-17.0.9\bin\management.dll
0x00007ffe9fd60000 - 0x00007ffe9fd6b000 	C:\Users\swh01\.jdks\corretto-17.0.9\bin\management_ext.dll
0x00007ffeb9ae0000 - 0x00007ffeb9ae8000 	C:\WINDOWS\System32\PSAPI.DLL
0x00007ffeb6ed0000 - 0x00007ffeb6eeb000 	C:\WINDOWS\SYSTEM32\CRYPTSP.dll
0x00007ffeb6760000 - 0x00007ffeb6795000 	C:\WINDOWS\system32\rsaenh.dll
0x00007ffeb6d70000 - 0x00007ffeb6d98000 	C:\WINDOWS\SYSTEM32\USERENV.dll
0x00007ffeb6ef0000 - 0x00007ffeb6efc000 	C:\WINDOWS\SYSTEM32\CRYPTBASE.dll
0x00007ffeb2930000 - 0x00007ffeb2949000 	C:\WINDOWS\SYSTEM32\dhcpcsvc6.DLL
0x00007ffeb2910000 - 0x00007ffeb292f000 	C:\WINDOWS\SYSTEM32\dhcpcsvc.DLL
0x00007ffe98bf0000 - 0x00007ffe98c07000 	C:\WINDOWS\system32\napinsp.dll
0x00007ffe98a80000 - 0x00007ffe98a9b000 	C:\WINDOWS\system32\pnrpnsp.dll
0x00007ffe98a20000 - 0x00007ffe98a31000 	C:\WINDOWS\System32\winrnr.dll
0x00007ffeaf3c0000 - 0x00007ffeaf3d5000 	C:\WINDOWS\system32\wshbth.dll
0x00007ffe989f0000 - 0x00007ffe98a17000 	C:\WINDOWS\system32\nlansp_c.dll
0x00007ffea07d0000 - 0x00007ffea07e0000 	C:\Users\swh01\.jdks\corretto-17.0.9\bin\verify.dll
0x00007ffe9fb70000 - 0x00007ffe9fb7e000 	C:\Users\swh01\.jdks\corretto-17.0.9\bin\sunmscapi.dll
0x00007ffeb7750000 - 0x00007ffeb78b6000 	C:\WINDOWS\System32\CRYPT32.dll
0x00007ffeb7090000 - 0x00007ffeb70bd000 	C:\WINDOWS\SYSTEM32\ncrypt.dll
0x00007ffeb7050000 - 0x00007ffeb7087000 	C:\WINDOWS\SYSTEM32\NTASN1.dll
0x00007ffea95e0000 - 0x00007ffea95e8000 	C:\WINDOWS\system32\wshunix.dll

dbghelp: loaded successfully - version: 4.0.5 - missing functions: none
symbol engine: initialized successfully - sym options: 0x614 - pdb path: .;C:\Users\swh01\.jdks\corretto-17.0.9\bin;C:\WINDOWS\SYSTEM32;C:\WINDOWS\WinSxS\amd64_microsoft.windows.common-controls_6595b64144ccf1df_6.0.22621.4391_none_2715d37f73803e96;C:\Users\swh01\.jdks\corretto-17.0.9\bin\server;C:\Program Files\JetBrains\IntelliJ IDEA 2023.2.5\bin

VM Arguments:
jvm_args: -XX:TieredStopAtLevel=1 -Dspring.output.ansi.enabled=always -Dcom.sun.management.jmxremote -Dspring.jmx.enabled=true -Dspring.liveBeansView.mbeanDomain -Dspring.application.admin.enabled=true -Dmanagement.endpoints.jmx.exposure.include=* -javaagent:C:\Program Files\JetBrains\IntelliJ IDEA 2023.2.5\lib\idea_rt.jar=51922:C:\Program Files\JetBrains\IntelliJ IDEA 2023.2.5\bin -Dfile.encoding=UTF-8 
java_command: com.example.jobapi.JobApiApplication
java_class_path (initial): C:\Users\swh01\IdeaProjects\jobAPI\out\production\classes;C:\Users\swh01\IdeaProjects\jobAPI\out\production\resources;C:\Users\swh01\.gradle\caches\modules-2\files-2.1\com.querydsl\querydsl-apt\5.0.0\d48657412f2b96d787bbe5ae393e33815c94b4d0\querydsl-apt-5.0.0-jakarta.jar;C:\Users\swh01\.gradle\caches\modules-2\files-2.1\org.springframework.boot\spring-boot-starter-data-jpa\3.3.1\f12725d58a944eaf4d44334a6a7b0fe14ed08577\spring-boot-starter-data-jpa-3.3.1.jar;C:\Users\swh01\.gradle\caches\modules-2\files-2.1\jakarta.persistence\jakarta.persistence-api\3.1.0\66901fa1c373c6aff65c13791cc11da72060a8d6\jakarta.persistence-api-3.1.0.jar;C:\Users\swh01\.gradle\caches\modules-2\files-2.1\org.projectlombok\lombok\1.18.32\17d46b3e205515e1e8efd3ee4d57ce8018914163\lombok-1.18.32.jar;C:\Users\swh01\.gradle\caches\modules-2\files-2.1\org.springframework.boot\spring-boot-starter-thymeleaf\3.3.1\bfaf6d8f8f8498d5c35758204af71aceb22c21eb\spring-boot-starter-thymeleaf-3.3.1.jar;C:\Users\swh01\.gradle\caches\modules-2\files-2.1\org.springframework.boot\spring-boot-starter-web\3.3.1\ec812e82a010d089438b6ac98ebe294f2e540f71\spring-boot-starter-web-3.3.1.jar;C:\Users\swh01\.gradle\caches\modules-2\files-2.1\org.springframework.boot\spring-boot-starter-validation\3.3.1\33dee7cc334482480ed01c19c7fe5a35509bba17\spring-boot-starter-validation-3.3.1.jar;C:\Users\swh01\.gradle\caches\modules-2\files-2.1\org.springframework.boot\spring-boot-starter-security\3.3.1\8bd079c5339fc519fce243858cb3db819a983e9b\spring-boot-starter-security-3.3.1.jar;C:\Users\swh01\.gradle\caches\modules-2\files-2.1\org.springdoc\springdoc-openapi-starter-webmvc-ui\2.0.4\975455ed2fb5e518331ae11dacf5e9d36ca17553\springdoc-openapi-starter-webmvc-ui-2.0.4.jar;C:\Users\swh01\.gradle\caches\modules-2\files-2.1\ch.qos.logback\logback-classic\1.4.11\54450c0c783e896a1a6d88c043bd2f1daba1c382\logback-classic-1.4.11.jar;C:\Users\swh01\.gradle\caches\modules-2\files-2.1\org.slf4j\slf4j-api\2.0.9\7cf2726fdc
Launcher Type: SUN_STANDARD

[Global flags]
     intx CICompilerCount                          = 4                                         {product} {ergonomic}
     uint ConcGCThreads                            = 2                                         {product} {ergonomic}
     uint G1ConcRefinementThreads                  = 8                                         {product} {ergonomic}
   size_t G1HeapRegionSize                         = 1048576                                   {product} {ergonomic}
    uintx GCDrainStackTargetSize                   = 64                                        {product} {ergonomic}
   size_t InitialHeapSize                          = 127926272                                 {product} {ergonomic}
     bool ManagementServer                         = true                                      {product} {command line}
   size_t MarkStackSize                            = 4194304                                   {product} {ergonomic}
   size_t MaxHeapSize                              = 2040528896                                {product} {ergonomic}
   size_t MaxNewSize                               = 1223688192                                {product} {ergonomic}
   size_t MinHeapDeltaBytes                        = 1048576                                   {product} {ergonomic}
   size_t MinHeapSize                              = 8388608                                   {product} {ergonomic}
    uintx NonProfiledCodeHeapSize                  = 0                                      {pd product} {ergonomic}
     bool ProfileInterpreter                       = false                                  {pd product} {command line}
    uintx ProfiledCodeHeapSize                     = 0                                      {pd product} {ergonomic}
   size_t SoftMaxHeapSize                          = 2040528896                             {manageable} {ergonomic}
     intx TieredStopAtLevel                        = 1                                         {product} {command line}
     bool UseCompressedClassPointers               = true                           {product lp64_product} {ergonomic}
     bool UseCompressedOops                        = true                           {product lp64_product} {ergonomic}
     bool UseG1GC                                  = true                                      {product} {ergonomic}
     bool UseLargePagesIndividualAllocation        = false                                  {pd product} {ergonomic}

Logging:
Log output configuration:
 #0: stdout all=warning uptime,level,tags
 #1: stderr all=off uptime,level,tags

Environment Variables:
JAVA_HOME=C:\Users\swh01\.jdks\corretto-17.0.9
CLASSPATH=C:\Users\swh01\.jdks\corretto-17.0.9\lib
PATH=C:\MinGW\bin;C:\Users\swh01\.jdks\corretto-17.0.9\bin;C:\Program Files\nodejs\;C:\WINDOWS\system32;C:\WINDOWS;C:\WINDOWS\System32\Wbem;C:\WINDOWS\System32\WindowsPowerShell\v1.0\;C:\WINDOWS\System32\OpenSSH\;C:\Program Files\Git\cmd;C:\Users\swh01\Downloads\ffmpeg-6.0-full_build\ffmpeg-6.0-full_build\bin;C:\Program Files\Go\bin;C:\ProgramData\chocolatey\bin;C:\Program Files (x86)\NetSarang\Xshell 8\;C:\Users\swh01\AppData\Local\Programs\Python\Launcher\;C:\Users\swh01\AppData\Local\Microsoft\WindowsApps;C:\Program Files\JetBrains\IntelliJ IDEA 2023.2.5\bin;C:\Users\swh01\AppData\Local\GitHubDesktop\bin;C:\Users\swh01\AppData\Roaming\npm;C:\Users\swh01\AppData\Local\Programs\Microsoft VS Code\bin;C:\Users\swh01\go\bin;C:\Users\swh01\AppData\Local\Microsoft\WinGet\Packages\Hugo.Hugo.Extended_Microsoft.Winget.Source_8wekyb3d8bbwe
USERNAME=swh01
OS=Windows_NT
PROCESSOR_IDENTIFIER=Intel64 Family 6 Model 126 Stepping 5, GenuineIntel
TMP=C:\Users\swh01\AppData\Local\Temp
TEMP=C:\Users\swh01\AppData\Local\Temp



Periodic native trim disabled


---------------  S Y S T E M  ---------------

OS:
 Windows 11 , 64 bit Build 22621 (10.0.22621.4391)
OS uptime: 18 days 15:53 hours

CPU: total 8 (initial active 8) (4 cores per cpu, 2 threads per core) family 6 model 126 stepping 5 microcode 0xbc, cx8, cmov, fxsr, ht, mmx, 3dnowpref, sse, sse2, sse3, ssse3, sse4.1, sse4.2, popcnt, lzcnt, tsc, tscinvbit, avx, avx2, aes, erms, clmul, bmi1, bmi2, adx, avx512f, avx512dq, avx512cd, avx512bw, avx512vl, sha, fma, vzeroupper, avx512_vpopcntdq, avx512_vpclmulqdq, avx512_vaes, avx512_vnni, clflush, clflushopt, avx512_vbmi2, avx512_vbmi
Processor Information for all 8 processors :
  Max Mhz: 1498, Current Mhz: 1098, Mhz Limit: 1093

Memory: 4k page, system-wide physical 7778M (431M free)
TotalPageFile size 22831M (AvailPageFile size 16M)
current process WorkingSet (physical memory assigned to process): 360M, peak: 362M
current process commit charge ("private bytes"): 406M, peak: 700M

vm_info: OpenJDK 64-Bit Server VM (17.0.9+8-LTS) for windows-amd64 JRE (17.0.9+8-LTS), built on Oct 12 2023 16:15:33 by "Administrator" with MS VC++ 16.10 / 16.11 (VS2019)

END.
