#
# There is insufficient memory for the Java Runtime Environment to continue.
# Native memory allocation (mmap) failed to map 127926272 bytes for G1 virtual space
# Possible reasons:
#   The system is out of physical RAM or swap space
#   The process is running with CompressedOops enabled, and the Java Heap may be blocking the growth of the native heap
# Possible solutions:
#   Reduce memory load on the system
#   Increase physical memory or swap space
#   Check if swap backing store is full
#   Decrease Java heap size (-Xmx/-Xms)
#   Decrease number of Java threads
#   Decrease Java thread stack sizes (-Xss)
#   Set larger code cache with -XX:ReservedCodeCacheSize=
#   JVM is running with Unscaled Compressed Oops mode in which the Java heap is
#     placed in the first 4GB address space. The Java Heap base address is the
#     maximum limit for the native heap growth. Please use -XX:HeapBaseMinAddress
#     to set the Java Heap base and to place the Java Heap above 4GB virtual address.
# This output file may be truncated or incomplete.
#
#  Out of Memory Error (os_windows.cpp:3613), pid=8800, tid=35268
#
# JRE version:  (17.0.9+8) (build )
# Java VM: OpenJDK 64-Bit Server VM (17.0.9+8-LTS, mixed mode, sharing, tiered, compressed oops, compressed class ptrs, g1 gc, windows-amd64)
# No core dump will be written. Minidumps are not enabled by default on client versions of Windows
#

---------------  S U M M A R Y ------------

Command Line: -Dnet.bytebuddy.agent.attacher.dump= net.bytebuddy.agent.Attacher com.sun.tools.attach.VirtualMachine 21712 C:\Users\swh01\.gradle\caches\modules-2\files-2.1\net.bytebuddy\byte-buddy-agent\1.14.17\e3c251a39dc90badaf71c83427ba46840f219d8d\byte-buddy-agent-1.14.17.jar false 

Host: Intel(R) Core(TM) i5-1035G4 CPU @ 1.10GHz, 8 cores, 7G,  Windows 11 , 64 bit Build 22621 (10.0.22621.4391)
Time: Wed Dec 11 01:30:02 2024  Windows 11 , 64 bit Build 22621 (10.0.22621.4391) elapsed time: 0.014540 seconds (0d 0h 0m 0s)

---------------  T H R E A D  ---------------

Current thread (0x000001bdb8e9a380):  JavaThread "Unknown thread" [_thread_in_vm, id=35268, stack(0x0000002f38a00000,0x0000002f38b00000)]

Stack: [0x0000002f38a00000,0x0000002f38b00000]
Native frames: (J=compiled Java code, j=interpreted, Vv=VM code, C=native code)
V  [jvm.dll+0x67cb49]
V  [jvm.dll+0x8344da]
V  [jvm.dll+0x835f9e]
V  [jvm.dll+0x836603]
V  [jvm.dll+0x247b5f]
V  [jvm.dll+0x679969]
V  [jvm.dll+0x66e2ba]
V  [jvm.dll+0x307a5b]
V  [jvm.dll+0x30ef06]
V  [jvm.dll+0x35ecee]
V  [jvm.dll+0x35ef1f]
V  [jvm.dll+0x2de658]
V  [jvm.dll+0x2df5c4]
V  [jvm.dll+0x805d51]
V  [jvm.dll+0x36cb51]
V  [jvm.dll+0x7e47dc]
V  [jvm.dll+0x3f03cf]
V  [jvm.dll+0x3f2001]
C  [jli.dll+0x528f]
C  [ucrtbase.dll+0x29333]
C  [KERNEL32.DLL+0x1259d]
C  [ntdll.dll+0x5af38]


---------------  P R O C E S S  ---------------

Threads class SMR info:
_java_thread_list=0x00007ffe27f5ee98, length=0, elements={
}

Java Threads: ( => current thread )

Other Threads:
  0x000001bdb8ef2df0 GCTaskThread "GC Thread#0" [stack: 0x0000002f38b00000,0x0000002f38c00000] [id=7716]
  0x000001bdb8f03080 ConcurrentGCThread "G1 Main Marker" [stack: 0x0000002f38c00000,0x0000002f38d00000] [id=32888]
  0x000001bdb8f03aa0 ConcurrentGCThread "G1 Conc#0" [stack: 0x0000002f38d00000,0x0000002f38e00000] [id=33108]

[error occurred during error reporting (printing all threads), id 0xc0000005, EXCEPTION_ACCESS_VIOLATION (0xc0000005) at pc=0x00007ffe2771f097]

VM state: not at safepoint (not fully initialized)

VM Mutex/Monitor currently owned by a thread:  ([mutex/lock_event])
[0x000001bdb8e959a0] Heap_lock - owner thread: 0x000001bdb8e9a380

Heap address: 0x0000000086600000, size: 1946 MB, Compressed Oops mode: 32-bit

CDS archive(s) mapped at: [0x0000000000000000-0x0000000000000000-0x0000000000000000), size 0, SharedBaseAddress: 0x0000000800000000, ArchiveRelocationMode: 1.
Narrow klass base: 0x0000000000000000, Narrow klass shift: 0, Narrow klass range: 0x0

GC Precious Log:
<Empty>

Heap:
 garbage-first heap   total 0K, used 0K [0x0000000086600000, 0x0000000100000000)
  region size 1024K, 0 young (0K), 0 survivors (0K)

[error occurred during error reporting (printing heap information), id 0xc0000005, EXCEPTION_ACCESS_VIOLATION (0xc0000005) at pc=0x00007ffe27b068f9]

GC Heap History (0 events):
No events

Dll operation events (1 events):
Event: 0.009 Loaded shared library C:\Users\swh01\.jdks\corretto-17.0.9\bin\java.dll

Deoptimization events (0 events):
No events

Classes unloaded (0 events):
No events

Classes redefined (0 events):
No events

Internal exceptions (0 events):
No events

VM Operations (0 events):
No events

Events (0 events):
No events


Dynamic libraries:
0x00007ff7fddf0000 - 0x00007ff7fddfe000 	C:\Users\swh01\.jdks\corretto-17.0.9\bin\java.exe
0x00007ffeba450000 - 0x00007ffeba667000 	C:\WINDOWS\SYSTEM32\ntdll.dll
0x00007ffeb92c0000 - 0x00007ffeb9384000 	C:\WINDOWS\System32\KERNEL32.DLL
0x00007ffeb7b40000 - 0x00007ffeb7ef9000 	C:\WINDOWS\System32\KERNELBASE.dll
0x00007ffeb78c0000 - 0x00007ffeb79d1000 	C:\WINDOWS\System32\ucrtbase.dll
0x00007ffea86d0000 - 0x00007ffea86eb000 	C:\Users\swh01\.jdks\corretto-17.0.9\bin\VCRUNTIME140.dll
0x00007ffe872c0000 - 0x00007ffe872d7000 	C:\Users\swh01\.jdks\corretto-17.0.9\bin\jli.dll
0x00007ffeb8600000 - 0x00007ffeb87ae000 	C:\WINDOWS\System32\USER32.dll
0x00007ffe98750000 - 0x00007ffe989e2000 	C:\WINDOWS\WinSxS\amd64_microsoft.windows.common-controls_6595b64144ccf1df_6.0.22621.4391_none_2715d37f73803e96\COMCTL32.dll
0x00007ffeb7fa0000 - 0x00007ffeb7fc6000 	C:\WINDOWS\System32\win32u.dll
0x00007ffeba0c0000 - 0x00007ffeba167000 	C:\WINDOWS\System32\msvcrt.dll
0x00007ffeb8310000 - 0x00007ffeb8339000 	C:\WINDOWS\System32\GDI32.dll
0x00007ffeb8050000 - 0x00007ffeb816b000 	C:\WINDOWS\System32\gdi32full.dll
0x00007ffeb7aa0000 - 0x00007ffeb7b3a000 	C:\WINDOWS\System32\msvcp_win.dll
0x00007ffeba170000 - 0x00007ffeba1a1000 	C:\WINDOWS\System32\IMM32.DLL
0x00007ffea86c0000 - 0x00007ffea86cc000 	C:\Users\swh01\.jdks\corretto-17.0.9\bin\vcruntime140_1.dll
0x00007ffe79b30000 - 0x00007ffe79bbd000 	C:\Users\swh01\.jdks\corretto-17.0.9\bin\msvcp140.dll
0x00007ffe27430000 - 0x00007ffe28091000 	C:\Users\swh01\.jdks\corretto-17.0.9\bin\server\jvm.dll
0x00007ffeb9200000 - 0x00007ffeb92b2000 	C:\WINDOWS\System32\ADVAPI32.dll
0x00007ffeb9af0000 - 0x00007ffeb9b97000 	C:\WINDOWS\System32\sechost.dll
0x00007ffeb7f00000 - 0x00007ffeb7f28000 	C:\WINDOWS\System32\bcrypt.dll
0x00007ffeba2f0000 - 0x00007ffeba404000 	C:\WINDOWS\System32\RPCRT4.dll
0x00007ffeaff10000 - 0x00007ffeaff19000 	C:\WINDOWS\SYSTEM32\WSOCK32.dll
0x00007ffeb7470000 - 0x00007ffeb74bd000 	C:\WINDOWS\SYSTEM32\POWRPROF.dll
0x00007ffeb0ac0000 - 0x00007ffeb0af4000 	C:\WINDOWS\SYSTEM32\WINMM.dll
0x00007ffeba270000 - 0x00007ffeba2e1000 	C:\WINDOWS\System32\WS2_32.dll
0x00007ffeb04c0000 - 0x00007ffeb04ca000 	C:\WINDOWS\SYSTEM32\VERSION.dll
0x00007ffeb7200000 - 0x00007ffeb7213000 	C:\WINDOWS\SYSTEM32\UMPDC.dll
0x00007ffeb6800000 - 0x00007ffeb6818000 	C:\WINDOWS\SYSTEM32\kernel.appcore.dll
0x00007ffea80b0000 - 0x00007ffea80ba000 	C:\Users\swh01\.jdks\corretto-17.0.9\bin\jimage.dll
0x00007ffeb5da0000 - 0x00007ffeb5fd2000 	C:\WINDOWS\SYSTEM32\DBGHELP.DLL
0x00007ffeb9c50000 - 0x00007ffeb9fdf000 	C:\WINDOWS\System32\combase.dll
0x00007ffeb9fe0000 - 0x00007ffeba0b7000 	C:\WINDOWS\System32\OLEAUT32.dll
0x00007ffe9d1c0000 - 0x00007ffe9d1f2000 	C:\WINDOWS\SYSTEM32\dbgcore.DLL
0x00007ffeb7fd0000 - 0x00007ffeb804b000 	C:\WINDOWS\System32\bcryptPrimitives.dll
0x00007ffe83570000 - 0x00007ffe83595000 	C:\Users\swh01\.jdks\corretto-17.0.9\bin\java.dll

dbghelp: loaded successfully - version: 4.0.5 - missing functions: none
symbol engine: initialized successfully - sym options: 0x614 - pdb path: .;C:\Users\swh01\.jdks\corretto-17.0.9\bin;C:\WINDOWS\SYSTEM32;C:\WINDOWS\WinSxS\amd64_microsoft.windows.common-controls_6595b64144ccf1df_6.0.22621.4391_none_2715d37f73803e96;C:\Users\swh01\.jdks\corretto-17.0.9\bin\server

VM Arguments:
jvm_args: -Dnet.bytebuddy.agent.attacher.dump= 
java_command: net.bytebuddy.agent.Attacher com.sun.tools.attach.VirtualMachine 21712 C:\Users\swh01\.gradle\caches\modules-2\files-2.1\net.bytebuddy\byte-buddy-agent\1.14.17\e3c251a39dc90badaf71c83427ba46840f219d8d\byte-buddy-agent-1.14.17.jar false 
java_class_path (initial): C:\Users\swh01\.gradle\caches\modules-2\files-2.1\net.bytebuddy\byte-buddy-agent\1.14.17\e3c251a39dc90badaf71c83427ba46840f219d8d\byte-buddy-agent-1.14.17.jar
Launcher Type: SUN_STANDARD

[Global flags]
     intx CICompilerCount                          = 4                                         {product} {ergonomic}
     uint ConcGCThreads                            = 2                                         {product} {ergonomic}
     uint G1ConcRefinementThreads                  = 8                                         {product} {ergonomic}
   size_t G1HeapRegionSize                         = 1048576                                   {product} {ergonomic}
    uintx GCDrainStackTargetSize                   = 64                                        {product} {ergonomic}
   size_t InitialHeapSize                          = 127926272                                 {product} {ergonomic}
   size_t MarkStackSize                            = 4194304                                   {product} {ergonomic}
   size_t MaxHeapSize                              = 2040528896                                {product} {ergonomic}
   size_t MinHeapDeltaBytes                        = 1048576                                   {product} {ergonomic}
   size_t MinHeapSize                              = 8388608                                   {product} {ergonomic}
    uintx NonNMethodCodeHeapSize                   = 5839372                                {pd product} {ergonomic}
    uintx NonProfiledCodeHeapSize                  = 122909434                              {pd product} {ergonomic}
    uintx ProfiledCodeHeapSize                     = 122909434                              {pd product} {ergonomic}
    uintx ReservedCodeCacheSize                    = 251658240                              {pd product} {ergonomic}
     bool SegmentedCodeCache                       = true                                      {product} {ergonomic}
   size_t SoftMaxHeapSize                          = 2040528896                             {manageable} {ergonomic}
     bool UseCompressedClassPointers               = true                           {product lp64_product} {ergonomic}
     bool UseCompressedOops                        = true                           {product lp64_product} {ergonomic}
     bool UseG1GC                                  = true                                      {product} {ergonomic}
     bool UseLargePagesIndividualAllocation        = false                                  {pd product} {ergonomic}

Logging:
Log output configuration:
 #0: stdout all=warning uptime,level,tags
 #1: stderr all=off uptime,level,tags

Environment Variables:
JAVA_HOME=C:\Users\swh01\.jdks\corretto-17.0.9
CLASSPATH=C:\Users\swh01\IdeaProjects\jobAPI\\gradle\wrapper\gradle-wrapper.jar
PATH=C:\MinGW\bin;C:\Users\swh01\.jdks\corretto-17.0.9\bin;C:\Program Files\nodejs\;C:\WINDOWS\system32;C:\WINDOWS;C:\WINDOWS\System32\Wbem;C:\WINDOWS\System32\WindowsPowerShell\v1.0\;C:\WINDOWS\System32\OpenSSH\;C:\Program Files\Git\cmd;C:\Users\swh01\Downloads\ffmpeg-6.0-full_build\ffmpeg-6.0-full_build\bin;C:\Program Files\Go\bin;C:\ProgramData\chocolatey\bin;C:\Program Files (x86)\NetSarang\Xshell 8\;C:\Users\swh01\AppData\Local\Programs\Python\Launcher\;C:\Users\swh01\AppData\Local\Microsoft\WindowsApps;C:\Program Files\JetBrains\IntelliJ IDEA 2023.2.5\bin;C:\Users\swh01\AppData\Local\GitHubDesktop\bin;C:\Users\swh01\AppData\Roaming\npm;C:\Users\swh01\AppData\Local\Programs\Microsoft VS Code\bin;C:\Users\swh01\go\bin;C:\Users\swh01\AppData\Local\Microsoft\WinGet\Packages\Hugo.Hugo.Extended_Microsoft.Winget.Source_8wekyb3d8bbwe
USERNAME=swh01
OS=Windows_NT
PROCESSOR_IDENTIFIER=Intel64 Family 6 Model 126 Stepping 5, GenuineIntel
TMP=C:\Users\swh01\AppData\Local\Temp
TEMP=C:\Users\swh01\AppData\Local\Temp



Periodic native trim disabled


---------------  S Y S T E M  ---------------

OS:
 Windows 11 , 64 bit Build 22621 (10.0.22621.4391)
OS uptime: 18 days 16:24 hours

CPU: total 8 (initial active 8) (4 cores per cpu, 2 threads per core) family 6 model 126 stepping 5 microcode 0xbc, cx8, cmov, fxsr, ht, mmx, 3dnowpref, sse, sse2, sse3, ssse3, sse4.1, sse4.2, popcnt, lzcnt, tsc, tscinvbit, avx, avx2, aes, erms, clmul, bmi1, bmi2, adx, avx512f, avx512dq, avx512cd, avx512bw, avx512vl, sha, fma, vzeroupper, avx512_vpopcntdq, avx512_vpclmulqdq, avx512_vaes, avx512_vnni, clflush, clflushopt, avx512_vbmi2, avx512_vbmi
Processor Information for all 8 processors :
  Max Mhz: 1498, Current Mhz: 1098, Mhz Limit: 1093

Memory: 4k page, system-wide physical 7778M (515M free)
TotalPageFile size 22831M (AvailPageFile size 49M)
current process WorkingSet (physical memory assigned to process): 11M, peak: 11M
current process commit charge ("private bytes"): 60M, peak: 182M

vm_info: OpenJDK 64-Bit Server VM (17.0.9+8-LTS) for windows-amd64 JRE (17.0.9+8-LTS), built on Oct 12 2023 16:15:33 by "Administrator" with MS VC++ 16.10 / 16.11 (VS2019)

END.
