#
# There is insufficient memory for the Java Runtime Environment to continue.
# Native memory allocation (mmap) failed to map 150994944 bytes for G1 virtual space
# Possible reasons:
#   The system is out of physical RAM or swap space
#   The process is running with CompressedOops enabled, and the Java Heap may be blocking the growth of the native heap
# Possible solutions:
#   Reduce memory load on the system
#   Increase physical memory or swap space
#   Check if swap backing store is full
#   Decrease Java heap size (-Xmx/-Xms)
#   Decrease number of Java threads
#   Decrease Java thread stack sizes (-Xss)
#   Set larger code cache with -XX:ReservedCodeCacheSize=
#   JVM is running with Unscaled Compressed Oops mode in which the Java heap is
#     placed in the first 4GB address space. The Java Heap base address is the
#     maximum limit for the native heap growth. Please use -XX:HeapBaseMinAddress
#     to set the Java Heap base and to place the Java Heap above 4GB virtual address.
# This output file may be truncated or incomplete.
#
#  Out of Memory Error (os_windows.cpp:3613), pid=15660, tid=3148
#
# JRE version: OpenJDK Runtime Environment Corretto-17.0.9.8.1 (17.0.9+8) (build 17.0.9+8-LTS)
# Java VM: OpenJDK 64-Bit Server VM Corretto-17.0.9.8.1 (17.0.9+8-LTS, mixed mode, emulated-client, sharing, tiered, compressed oops, compressed class ptrs, g1 gc, windows-amd64)
# No core dump will be written. Minidumps are not enabled by default on client versions of Windows
#

---------------  S U M M A R Y ------------

Command Line: -XX:TieredStopAtLevel=1 -Dspring.output.ansi.enabled=always -Dcom.sun.management.jmxremote -Dspring.jmx.enabled=true -Dspring.liveBeansView.mbeanDomain -Dspring.application.admin.enabled=true -Dmanagement.endpoints.jmx.exposure.include=* -javaagent:C:\Program Files\JetBrains\IntelliJ IDEA 2023.2.5\lib\idea_rt.jar=49279:C:\Program Files\JetBrains\IntelliJ IDEA 2023.2.5\bin -Dfile.encoding=UTF-8 com.example.jobapi.JobApiApplication

Host: Intel(R) Core(TM) i5-1035G4 CPU @ 1.10GHz, 8 cores, 7G,  Windows 11 , 64 bit Build 22621 (10.0.22621.4391)
Time: Sun Dec 15 19:47:19 2024  Windows 11 , 64 bit Build 22621 (10.0.22621.4391) elapsed time: 19.059758 seconds (0d 0h 0m 19s)

---------------  T H R E A D  ---------------

Current thread (0x0000027e14981e50):  VMThread "VM Thread" [stack: 0x000000e172a00000,0x000000e172b00000] [id=3148]

Stack: [0x000000e172a00000,0x000000e172b00000]
Native frames: (J=compiled Java code, j=interpreted, Vv=VM code, C=native code)
V  [jvm.dll+0x67cb49]
V  [jvm.dll+0x8344da]
V  [jvm.dll+0x835f9e]
V  [jvm.dll+0x836603]
V  [jvm.dll+0x247b5f]
V  [jvm.dll+0x679969]
V  [jvm.dll+0x66e2ba]
V  [jvm.dll+0x307a5b]
V  [jvm.dll+0x30ef06]
V  [jvm.dll+0x35ecee]
V  [jvm.dll+0x35ef1f]
V  [jvm.dll+0x2de658]
V  [jvm.dll+0x2dc834]
V  [jvm.dll+0x2dbe3c]
V  [jvm.dll+0x31fedb]
V  [jvm.dll+0x83aafb]
V  [jvm.dll+0x83b841]
V  [jvm.dll+0x83bd5d]
V  [jvm.dll+0x83c134]
V  [jvm.dll+0x83c200]
V  [jvm.dll+0x7e396a]
V  [jvm.dll+0x67ba35]
C  [ucrtbase.dll+0x29333]
C  [KERNEL32.DLL+0x1259d]
C  [ntdll.dll+0x5af38]

VM_Operation (0x000000e1742fb430): G1CollectForAllocation, mode: safepoint, requested by thread 0x0000027e5abcc4e0


---------------  P R O C E S S  ---------------

Threads class SMR info:
_java_thread_list=0x0000027e5c9b4aa0, length=21, elements={
0x0000027e00ad4b60, 0x0000027e14986800, 0x0000027e149871c0, 0x0000027e149a43c0,
0x0000027e149a4d80, 0x0000027e149a5740, 0x0000027e149a8110, 0x0000027e149ac080,
0x0000027e149b52a0, 0x0000027e1496fe60, 0x0000027e14c07a80, 0x0000027e5a37b6b0,
0x0000027e5a384fa0, 0x0000027e5a49b470, 0x0000027e5ab84280, 0x0000027e5abcc4e0,
0x0000027e14ba6420, 0x0000027e5b38c5f0, 0x0000027e14afcd10, 0x0000027e5b0abb20,
0x0000027e5b0ab610
}

Java Threads: ( => current thread )
  0x0000027e00ad4b60 JavaThread "main" [_thread_blocked, id=26312, stack(0x000000e172400000,0x000000e172500000)]
  0x0000027e14986800 JavaThread "Reference Handler" daemon [_thread_blocked, id=8336, stack(0x000000e172b00000,0x000000e172c00000)]
  0x0000027e149871c0 JavaThread "Finalizer" daemon [_thread_blocked, id=15200, stack(0x000000e172c00000,0x000000e172d00000)]
  0x0000027e149a43c0 JavaThread "Signal Dispatcher" daemon [_thread_blocked, id=13960, stack(0x000000e172d00000,0x000000e172e00000)]
  0x0000027e149a4d80 JavaThread "Attach Listener" daemon [_thread_blocked, id=35712, stack(0x000000e172e00000,0x000000e172f00000)]
  0x0000027e149a5740 JavaThread "Service Thread" daemon [_thread_blocked, id=8920, stack(0x000000e172f00000,0x000000e173000000)]
  0x0000027e149a8110 JavaThread "Monitor Deflation Thread" daemon [_thread_blocked, id=8884, stack(0x000000e173000000,0x000000e173100000)]
  0x0000027e149ac080 JavaThread "C1 CompilerThread0" daemon [_thread_blocked, id=12208, stack(0x000000e173100000,0x000000e173200000)]
  0x0000027e149b52a0 JavaThread "Sweeper thread" daemon [_thread_blocked, id=21260, stack(0x000000e173200000,0x000000e173300000)]
  0x0000027e1496fe60 JavaThread "Common-Cleaner" daemon [_thread_blocked, id=2900, stack(0x000000e173300000,0x000000e173400000)]
  0x0000027e14c07a80 JavaThread "C1 CompilerThread1" daemon [_thread_blocked, id=6764, stack(0x000000e173400000,0x000000e173500000)]
  0x0000027e5a37b6b0 JavaThread "Monitor Ctrl-Break" daemon [_thread_in_native, id=23316, stack(0x000000e173600000,0x000000e173700000)]
  0x0000027e5a384fa0 JavaThread "Notification Thread" daemon [_thread_blocked, id=9332, stack(0x000000e173700000,0x000000e173800000)]
  0x0000027e5a49b470 JavaThread "RMI TCP Accept-0" daemon [_thread_in_native, id=29788, stack(0x000000e173800000,0x000000e173900000)]
  0x0000027e5ab84280 JavaThread "Thread-0" [_thread_blocked, id=15024, stack(0x000000e174100000,0x000000e174200000)]
  0x0000027e5abcc4e0 JavaThread "restartedMain" [_thread_blocked, id=21124, stack(0x000000e174200000,0x000000e174300000)]
  0x0000027e14ba6420 JavaThread "Catalina-utility-1" [_thread_blocked, id=33436, stack(0x000000e174500000,0x000000e174600000)]
  0x0000027e5b38c5f0 JavaThread "Catalina-utility-2" [_thread_blocked, id=13172, stack(0x000000e174700000,0x000000e174800000)]
  0x0000027e14afcd10 JavaThread "container-0" [_thread_blocked, id=19744, stack(0x000000e174800000,0x000000e174900000)]
  0x0000027e5b0abb20 JavaThread "mysql-cj-abandoned-connection-cleanup" daemon [_thread_blocked, id=14976, stack(0x000000e174900000,0x000000e174a00000)]
  0x0000027e5b0ab610 JavaThread "HikariPool-1 housekeeper" daemon [_thread_blocked, id=4328, stack(0x000000e174a00000,0x000000e174b00000)]

Other Threads:
=>0x0000027e14981e50 VMThread "VM Thread" [stack: 0x000000e172a00000,0x000000e172b00000] [id=3148]
  0x0000027e5a491260 WatcherThread [stack: 0x000000e173900000,0x000000e173a00000] [id=26916]
  0x0000027e00b2d0d0 GCTaskThread "GC Thread#0" [stack: 0x000000e172500000,0x000000e172600000] [id=16648]
  0x0000027e5a7e52e0 GCTaskThread "GC Thread#1" [stack: 0x000000e173a00000,0x000000e173b00000] [id=592]
  0x0000027e5a7e47e0 GCTaskThread "GC Thread#2" [stack: 0x000000e173b00000,0x000000e173c00000] [id=28648]
  0x0000027e5a7e4520 GCTaskThread "GC Thread#3" [stack: 0x000000e173c00000,0x000000e173d00000] [id=26904]
  0x0000027e5a7e55a0 GCTaskThread "GC Thread#4" [stack: 0x000000e173d00000,0x000000e173e00000] [id=28680]
  0x0000027e5a7e4d60 GCTaskThread "GC Thread#5" [stack: 0x000000e173e00000,0x000000e173f00000] [id=7176]
  0x0000027e5a7e4260 GCTaskThread "GC Thread#6" [stack: 0x000000e173f00000,0x000000e174000000] [id=11776]
  0x0000027e5a7e4aa0 GCTaskThread "GC Thread#7" [stack: 0x000000e174300000,0x000000e174400000] [id=33184]
  0x0000027e00b3d360 ConcurrentGCThread "G1 Main Marker" [stack: 0x000000e172600000,0x000000e172700000] [id=14408]
  0x0000027e00b3e520 ConcurrentGCThread "G1 Conc#0" [stack: 0x000000e172700000,0x000000e172800000] [id=33080]
  0x0000027e5a7e3a20 ConcurrentGCThread "G1 Conc#1" [stack: 0x000000e174600000,0x000000e174700000] [id=2388]
  0x0000027e14835f20 ConcurrentGCThread "G1 Refine#0" [stack: 0x000000e172800000,0x000000e172900000] [id=32764]
  0x0000027e5aba0ca0 ConcurrentGCThread "G1 Refine#1" [stack: 0x000000e174000000,0x000000e174100000] [id=31124]
  0x0000027e14838960 ConcurrentGCThread "G1 Service" [stack: 0x000000e172900000,0x000000e172a00000] [id=12184]

Threads with active compile tasks:

VM state: at safepoint (normal execution)

VM Mutex/Monitor currently owned by a thread:  ([mutex/lock_event])
[0x0000027e00ad2030] Threads_lock - owner thread: 0x0000027e14981e50
[0x0000027e00ad0fe0] Heap_lock - owner thread: 0x0000027e5abcc4e0

Heap address: 0x0000000086600000, size: 1946 MB, Compressed Oops mode: 32-bit

CDS archive(s) mapped at: [0x0000027e15000000-0x0000027e15ba0000-0x0000027e15ba0000), size 12189696, SharedBaseAddress: 0x0000027e15000000, ArchiveRelocationMode: 1.
Compressed class space mapped at: 0x0000027e16000000-0x0000027e56000000, reserved size: 1073741824
Narrow klass base: 0x0000027e15000000, Narrow klass shift: 0, Narrow klass range: 0x100000000

GC Precious Log:
 CPUs: 8 total, 8 available
 Memory: 7778M
 Large Page Support: Disabled
 NUMA Support: Disabled
 Compressed Oops: Enabled (32-bit)
 Heap Region Size: 1M
 Heap Min Capacity: 8M
 Heap Initial Capacity: 122M
 Heap Max Capacity: 1946M
 Pre-touch: Disabled
 Parallel Workers: 8
 Concurrent Workers: 2
 Concurrent Refinement Workers: 8
 Periodic GC: Disabled

Heap:
 garbage-first heap   total 147456K, used 72680K [0x0000000086600000, 0x0000000100000000)
  region size 1024K, 5 young (5120K), 5 survivors (5120K)
 Metaspace       used 67812K, committed 68416K, reserved 1114112K
  class space    used 9776K, committed 10048K, reserved 1048576K

Heap Regions: E=young(eden), S=young(survivor), O=old, HS=humongous(starts), HC=humongous(continues), CS=collection set, F=free, OA=open archive, CA=closed archive, TAMS=top-at-mark-start (previous, next)
|   0|0x0000000086600000, 0x0000000086700000, 0x0000000086700000|100%|HS|  |TAMS 0x0000000086700000, 0x0000000086600000| Complete 
|   1|0x0000000086700000, 0x0000000086800000, 0x0000000086800000|100%| O|  |TAMS 0x0000000086800000, 0x0000000086700000| Untracked 
|   2|0x0000000086800000, 0x0000000086900000, 0x0000000086900000|100%| O|  |TAMS 0x0000000086900000, 0x0000000086800000| Untracked 
|   3|0x0000000086900000, 0x0000000086a00000, 0x0000000086a00000|100%| O|  |TAMS 0x0000000086a00000, 0x0000000086900000| Untracked 
|   4|0x0000000086a00000, 0x0000000086b00000, 0x0000000086b00000|100%| O|  |TAMS 0x0000000086b00000, 0x0000000086a00000| Untracked 
|   5|0x0000000086b00000, 0x0000000086c00000, 0x0000000086c00000|100%| O|  |TAMS 0x0000000086c00000, 0x0000000086b00000| Untracked 
|   6|0x0000000086c00000, 0x0000000086d00000, 0x0000000086d00000|100%| O|  |TAMS 0x0000000086d00000, 0x0000000086c00000| Untracked 
|   7|0x0000000086d00000, 0x0000000086e00000, 0x0000000086e00000|100%| O|  |TAMS 0x0000000086e00000, 0x0000000086d00000| Untracked 
|   8|0x0000000086e00000, 0x0000000086f00000, 0x0000000086f00000|100%| O|  |TAMS 0x0000000086f00000, 0x0000000086e00000| Untracked 
|   9|0x0000000086f00000, 0x0000000086fc1400, 0x0000000087000000| 75%| O|  |TAMS 0x0000000086fc1400, 0x0000000086f00000| Untracked 
|  10|0x0000000087000000, 0x0000000087100000, 0x0000000087100000|100%| O|  |TAMS 0x0000000087100000, 0x0000000087000000| Untracked 
|  11|0x0000000087100000, 0x0000000087200000, 0x0000000087200000|100%| O|  |TAMS 0x0000000087200000, 0x0000000087100000| Untracked 
|  12|0x0000000087200000, 0x0000000087300000, 0x0000000087300000|100%| O|  |TAMS 0x0000000087300000, 0x0000000087200000| Untracked 
|  13|0x0000000087300000, 0x0000000087400000, 0x0000000087400000|100%| O|  |TAMS 0x0000000087400000, 0x0000000087300000| Untracked 
|  14|0x0000000087400000, 0x0000000087500000, 0x0000000087500000|100%| O|  |TAMS 0x0000000087500000, 0x0000000087400000| Untracked 
|  15|0x0000000087500000, 0x0000000087600000, 0x0000000087600000|100%| O|  |TAMS 0x0000000087600000, 0x0000000087500000| Untracked 
|  16|0x0000000087600000, 0x0000000087700000, 0x0000000087700000|100%| O|  |TAMS 0x0000000087700000, 0x0000000087600000| Untracked 
|  17|0x0000000087700000, 0x0000000087800000, 0x0000000087800000|100%| O|  |TAMS 0x0000000087800000, 0x0000000087700000| Untracked 
|  18|0x0000000087800000, 0x0000000087900000, 0x0000000087900000|100%| O|  |TAMS 0x0000000087900000, 0x0000000087800000| Untracked 
|  19|0x0000000087900000, 0x0000000087a00000, 0x0000000087a00000|100%| O|  |TAMS 0x0000000087a00000, 0x0000000087900000| Untracked 
|  20|0x0000000087a00000, 0x0000000087b00000, 0x0000000087b00000|100%| O|  |TAMS 0x0000000087b00000, 0x0000000087a00000| Untracked 
|  21|0x0000000087b00000, 0x0000000087c00000, 0x0000000087c00000|100%| O|  |TAMS 0x0000000087c00000, 0x0000000087b00000| Untracked 
|  22|0x0000000087c00000, 0x0000000087d00000, 0x0000000087d00000|100%| O|  |TAMS 0x0000000087d00000, 0x0000000087c00000| Untracked 
|  23|0x0000000087d00000, 0x0000000087e00000, 0x0000000087e00000|100%| O|  |TAMS 0x0000000087e00000, 0x0000000087d00000| Untracked 
|  24|0x0000000087e00000, 0x0000000087f00000, 0x0000000087f00000|100%| O|  |TAMS 0x0000000087f00000, 0x0000000087e00000| Untracked 
|  25|0x0000000087f00000, 0x0000000088000000, 0x0000000088000000|100%| O|  |TAMS 0x0000000088000000, 0x0000000087f00000| Untracked 
|  26|0x0000000088000000, 0x0000000088100000, 0x0000000088100000|100%| O|  |TAMS 0x0000000088100000, 0x0000000088000000| Untracked 
|  27|0x0000000088100000, 0x0000000088200000, 0x0000000088200000|100%| O|  |TAMS 0x0000000088200000, 0x0000000088100000| Untracked 
|  28|0x0000000088200000, 0x0000000088300000, 0x0000000088300000|100%| O|  |TAMS 0x0000000088300000, 0x0000000088200000| Untracked 
|  29|0x0000000088300000, 0x0000000088400000, 0x0000000088400000|100%| O|  |TAMS 0x0000000088400000, 0x0000000088300000| Untracked 
|  30|0x0000000088400000, 0x0000000088500000, 0x0000000088500000|100%| O|  |TAMS 0x0000000088500000, 0x0000000088400000| Untracked 
|  31|0x0000000088500000, 0x0000000088600000, 0x0000000088600000|100%| O|  |TAMS 0x0000000088600000, 0x0000000088500000| Untracked 
|  32|0x0000000088600000, 0x0000000088700000, 0x0000000088700000|100%| O|  |TAMS 0x0000000088700000, 0x0000000088600000| Untracked 
|  33|0x0000000088700000, 0x0000000088800000, 0x0000000088800000|100%| O|  |TAMS 0x0000000088700000, 0x0000000088700000| Untracked 
|  34|0x0000000088800000, 0x0000000088900000, 0x0000000088900000|100%| O|  |TAMS 0x0000000088900000, 0x0000000088800000| Untracked 
|  35|0x0000000088900000, 0x0000000088a00000, 0x0000000088a00000|100%| O|  |TAMS 0x0000000088a00000, 0x0000000088900000| Untracked 
|  36|0x0000000088a00000, 0x0000000088b00000, 0x0000000088b00000|100%| O|  |TAMS 0x0000000088b00000, 0x0000000088a00000| Untracked 
|  37|0x0000000088b00000, 0x0000000088c00000, 0x0000000088c00000|100%| O|  |TAMS 0x0000000088b00000, 0x0000000088b00000| Untracked 
|  38|0x0000000088c00000, 0x0000000088d00000, 0x0000000088d00000|100%| O|  |TAMS 0x0000000088c00000, 0x0000000088c00000| Untracked 
|  39|0x0000000088d00000, 0x0000000088e00000, 0x0000000088e00000|100%| O|  |TAMS 0x0000000088d00000, 0x0000000088d00000| Untracked 
|  40|0x0000000088e00000, 0x0000000088f00000, 0x0000000088f00000|100%| O|  |TAMS 0x0000000088e00000, 0x0000000088e00000| Untracked 
|  41|0x0000000088f00000, 0x0000000089000000, 0x0000000089000000|100%| O|  |TAMS 0x0000000088f00000, 0x0000000088f00000| Untracked 
|  42|0x0000000089000000, 0x0000000089100000, 0x0000000089100000|100%| O|  |TAMS 0x0000000089000000, 0x0000000089000000| Untracked 
|  43|0x0000000089100000, 0x0000000089138c00, 0x0000000089200000| 22%| O|  |TAMS 0x0000000089100000, 0x0000000089100000| Untracked 
|  44|0x0000000089200000, 0x0000000089300000, 0x0000000089300000|100%| O|  |TAMS 0x0000000089200000, 0x0000000089200000| Untracked 
|  45|0x0000000089300000, 0x0000000089300000, 0x0000000089400000|  0%| F|  |TAMS 0x0000000089300000, 0x0000000089300000| Untracked 
|  46|0x0000000089400000, 0x0000000089400000, 0x0000000089500000|  0%| F|  |TAMS 0x0000000089400000, 0x0000000089400000| Untracked 
|  47|0x0000000089500000, 0x0000000089500000, 0x0000000089600000|  0%| F|  |TAMS 0x0000000089500000, 0x0000000089500000| Untracked 
|  48|0x0000000089600000, 0x0000000089700000, 0x0000000089700000|100%| O|  |TAMS 0x0000000089600000, 0x0000000089600000| Untracked 
|  49|0x0000000089700000, 0x0000000089700000, 0x0000000089800000|  0%| F|  |TAMS 0x0000000089700000, 0x0000000089700000| Untracked 
|  50|0x0000000089800000, 0x0000000089800000, 0x0000000089900000|  0%| F|  |TAMS 0x0000000089800000, 0x0000000089800000| Untracked 
|  51|0x0000000089900000, 0x0000000089900000, 0x0000000089a00000|  0%| F|  |TAMS 0x0000000089900000, 0x0000000089900000| Untracked 
|  52|0x0000000089a00000, 0x0000000089b00000, 0x0000000089b00000|100%| O|  |TAMS 0x0000000089a00000, 0x0000000089a00000| Untracked 
|  53|0x0000000089b00000, 0x0000000089c00000, 0x0000000089c00000|100%| O|  |TAMS 0x0000000089b00000, 0x0000000089b00000| Untracked 
|  54|0x0000000089c00000, 0x0000000089d00000, 0x0000000089d00000|100%| O|  |TAMS 0x0000000089c00000, 0x0000000089c00000| Untracked 
|  55|0x0000000089d00000, 0x0000000089e00000, 0x0000000089e00000|100%| O|  |TAMS 0x0000000089d00000, 0x0000000089d00000| Untracked 
|  56|0x0000000089e00000, 0x0000000089f00000, 0x0000000089f00000|100%| O|  |TAMS 0x0000000089e00000, 0x0000000089e00000| Untracked 
|  57|0x0000000089f00000, 0x0000000089f00000, 0x000000008a000000|  0%| F|  |TAMS 0x0000000089f00000, 0x0000000089f00000| Untracked 
|  58|0x000000008a000000, 0x000000008a100000, 0x000000008a100000|100%| O|  |TAMS 0x000000008a000000, 0x000000008a000000| Untracked 
|  59|0x000000008a100000, 0x000000008a200000, 0x000000008a200000|100%| O|  |TAMS 0x000000008a200000, 0x000000008a100000| Untracked 
|  60|0x000000008a200000, 0x000000008a300000, 0x000000008a300000|100%| O|  |TAMS 0x000000008a200000, 0x000000008a200000| Untracked 
|  61|0x000000008a300000, 0x000000008a300000, 0x000000008a400000|  0%| F|  |TAMS 0x000000008a300000, 0x000000008a300000| Untracked 
|  62|0x000000008a400000, 0x000000008a500000, 0x000000008a500000|100%| O|  |TAMS 0x000000008a500000, 0x000000008a400000| Untracked 
|  63|0x000000008a500000, 0x000000008a600000, 0x000000008a600000|100%| O|  |TAMS 0x000000008a600000, 0x000000008a500000| Untracked 
|  64|0x000000008a600000, 0x000000008a700000, 0x000000008a700000|100%| O|  |TAMS 0x000000008a700000, 0x000000008a600000| Untracked 
|  65|0x000000008a700000, 0x000000008a800000, 0x000000008a800000|100%| O|  |TAMS 0x000000008a800000, 0x000000008a700000| Untracked 
|  66|0x000000008a800000, 0x000000008a900000, 0x000000008a900000|100%| O|  |TAMS 0x000000008a872400, 0x000000008a800000| Untracked 
|  67|0x000000008a900000, 0x000000008aa00000, 0x000000008aa00000|100%| O|  |TAMS 0x000000008a900000, 0x000000008a900000| Untracked 
|  68|0x000000008aa00000, 0x000000008ab00000, 0x000000008ab00000|100%| O|  |TAMS 0x000000008aa00000, 0x000000008aa00000| Untracked 
|  69|0x000000008ab00000, 0x000000008ac00000, 0x000000008ac00000|100%| O|  |TAMS 0x000000008ab00000, 0x000000008ab00000| Untracked 
|  70|0x000000008ac00000, 0x000000008ad00000, 0x000000008ad00000|100%| O|  |TAMS 0x000000008ac00000, 0x000000008ac00000| Untracked 
|  71|0x000000008ad00000, 0x000000008ae00000, 0x000000008ae00000|100%| O|  |TAMS 0x000000008ad00000, 0x000000008ad00000| Untracked 
|  72|0x000000008ae00000, 0x000000008af00000, 0x000000008af00000|100%| O|  |TAMS 0x000000008ae00000, 0x000000008ae00000| Untracked 
|  73|0x000000008af00000, 0x000000008b000000, 0x000000008b000000|100%| O|  |TAMS 0x000000008af00000, 0x000000008af00000| Untracked 
|  74|0x000000008b000000, 0x000000008b100000, 0x000000008b100000|100%| O|  |TAMS 0x000000008b000000, 0x000000008b000000| Untracked 
|  75|0x000000008b100000, 0x000000008b100000, 0x000000008b200000|  0%| F|  |TAMS 0x000000008b100000, 0x000000008b100000| Untracked 
|  76|0x000000008b200000, 0x000000008b200000, 0x000000008b300000|  0%| F|  |TAMS 0x000000008b200000, 0x000000008b200000| Untracked 
|  77|0x000000008b300000, 0x000000008b300000, 0x000000008b400000|  0%| F|  |TAMS 0x000000008b300000, 0x000000008b300000| Untracked 
|  78|0x000000008b400000, 0x000000008b400000, 0x000000008b500000|  0%| F|  |TAMS 0x000000008b400000, 0x000000008b400000| Untracked 
|  79|0x000000008b500000, 0x000000008b500000, 0x000000008b600000|  0%| F|  |TAMS 0x000000008b500000, 0x000000008b500000| Untracked 
|  80|0x000000008b600000, 0x000000008b600000, 0x000000008b700000|  0%| F|  |TAMS 0x000000008b600000, 0x000000008b600000| Untracked 
|  81|0x000000008b700000, 0x000000008b700000, 0x000000008b800000|  0%| F|  |TAMS 0x000000008b700000, 0x000000008b700000| Untracked 
|  82|0x000000008b800000, 0x000000008b800000, 0x000000008b900000|  0%| F|  |TAMS 0x000000008b800000, 0x000000008b800000| Untracked 
|  83|0x000000008b900000, 0x000000008b900000, 0x000000008ba00000|  0%| F|  |TAMS 0x000000008b900000, 0x000000008b900000| Untracked 
|  84|0x000000008ba00000, 0x000000008ba00000, 0x000000008bb00000|  0%| F|  |TAMS 0x000000008ba00000, 0x000000008ba00000| Untracked 
|  85|0x000000008bb00000, 0x000000008bb00000, 0x000000008bc00000|  0%| F|  |TAMS 0x000000008bb00000, 0x000000008bb00000| Untracked 
|  86|0x000000008bc00000, 0x000000008bc00000, 0x000000008bd00000|  0%| F|  |TAMS 0x000000008bc00000, 0x000000008bc00000| Untracked 
|  87|0x000000008bd00000, 0x000000008bd00000, 0x000000008be00000|  0%| F|  |TAMS 0x000000008bd00000, 0x000000008bd00000| Untracked 
|  88|0x000000008be00000, 0x000000008be00000, 0x000000008bf00000|  0%| F|  |TAMS 0x000000008be00000, 0x000000008be00000| Untracked 
|  89|0x000000008bf00000, 0x000000008bf00000, 0x000000008c000000|  0%| F|  |TAMS 0x000000008bf00000, 0x000000008bf00000| Untracked 
|  90|0x000000008c000000, 0x000000008c000000, 0x000000008c100000|  0%| F|  |TAMS 0x000000008c000000, 0x000000008c000000| Untracked 
|  91|0x000000008c100000, 0x000000008c100000, 0x000000008c200000|  0%| F|  |TAMS 0x000000008c100000, 0x000000008c100000| Untracked 
|  92|0x000000008c200000, 0x000000008c200000, 0x000000008c300000|  0%| F|  |TAMS 0x000000008c200000, 0x000000008c200000| Untracked 
|  93|0x000000008c300000, 0x000000008c300000, 0x000000008c400000|  0%| F|  |TAMS 0x000000008c300000, 0x000000008c300000| Untracked 
|  94|0x000000008c400000, 0x000000008c400000, 0x000000008c500000|  0%| F|  |TAMS 0x000000008c400000, 0x000000008c400000| Untracked 
|  95|0x000000008c500000, 0x000000008c500000, 0x000000008c600000|  0%| F|  |TAMS 0x000000008c500000, 0x000000008c500000| Untracked 
|  96|0x000000008c600000, 0x000000008c600000, 0x000000008c700000|  0%| F|  |TAMS 0x000000008c600000, 0x000000008c600000| Untracked 
|  97|0x000000008c700000, 0x000000008c700000, 0x000000008c800000|  0%| F|  |TAMS 0x000000008c700000, 0x000000008c700000| Untracked 
|  98|0x000000008c800000, 0x000000008c800000, 0x000000008c900000|  0%| F|  |TAMS 0x000000008c800000, 0x000000008c800000| Untracked 
|  99|0x000000008c900000, 0x000000008ca00000, 0x000000008ca00000|100%| S|CS|TAMS 0x000000008c900000, 0x000000008c900000| Complete 
| 100|0x000000008ca00000, 0x000000008cb00000, 0x000000008cb00000|100%| S|CS|TAMS 0x000000008ca00000, 0x000000008ca00000| Complete 
| 101|0x000000008cb00000, 0x000000008cc00000, 0x000000008cc00000|100%| S|CS|TAMS 0x000000008cb00000, 0x000000008cb00000| Complete 
| 102|0x000000008cc00000, 0x000000008cd00000, 0x000000008cd00000|100%| S|CS|TAMS 0x000000008cc00000, 0x000000008cc00000| Complete 
| 103|0x000000008cd00000, 0x000000008ce00000, 0x000000008ce00000|100%| S|CS|TAMS 0x000000008cd00000, 0x000000008cd00000| Complete 
| 104|0x000000008ce00000, 0x000000008ce00000, 0x000000008cf00000|  0%| F|  |TAMS 0x000000008ce00000, 0x000000008ce00000| Untracked 
| 105|0x000000008cf00000, 0x000000008cf00000, 0x000000008d000000|  0%| F|  |TAMS 0x000000008cf00000, 0x000000008cf00000| Untracked 
| 106|0x000000008d000000, 0x000000008d000000, 0x000000008d100000|  0%| F|  |TAMS 0x000000008d000000, 0x000000008d000000| Untracked 
| 107|0x000000008d100000, 0x000000008d100000, 0x000000008d200000|  0%| F|  |TAMS 0x000000008d100000, 0x000000008d100000| Untracked 
| 108|0x000000008d200000, 0x000000008d200000, 0x000000008d300000|  0%| F|  |TAMS 0x000000008d200000, 0x000000008d200000| Untracked 
| 109|0x000000008d300000, 0x000000008d300000, 0x000000008d400000|  0%| F|  |TAMS 0x000000008d300000, 0x000000008d300000| Untracked 
| 110|0x000000008d400000, 0x000000008d400000, 0x000000008d500000|  0%| F|  |TAMS 0x000000008d400000, 0x000000008d400000| Untracked 
| 111|0x000000008d500000, 0x000000008d500000, 0x000000008d600000|  0%| F|  |TAMS 0x000000008d500000, 0x000000008d500000| Untracked 
| 112|0x000000008d600000, 0x000000008d600000, 0x000000008d700000|  0%| F|  |TAMS 0x000000008d600000, 0x000000008d600000| Untracked 
| 113|0x000000008d700000, 0x000000008d700000, 0x000000008d800000|  0%| F|  |TAMS 0x000000008d700000, 0x000000008d700000| Untracked 
| 114|0x000000008d800000, 0x000000008d800000, 0x000000008d900000|  0%| F|  |TAMS 0x000000008d800000, 0x000000008d800000| Untracked 
| 115|0x000000008d900000, 0x000000008d900000, 0x000000008da00000|  0%| F|  |TAMS 0x000000008d900000, 0x000000008d900000| Untracked 
| 116|0x000000008da00000, 0x000000008da00000, 0x000000008db00000|  0%| F|  |TAMS 0x000000008da00000, 0x000000008da00000| Untracked 
| 117|0x000000008db00000, 0x000000008db00000, 0x000000008dc00000|  0%| F|  |TAMS 0x000000008db00000, 0x000000008db00000| Untracked 
| 118|0x000000008dc00000, 0x000000008dc00000, 0x000000008dd00000|  0%| F|  |TAMS 0x000000008dc00000, 0x000000008dc00000| Untracked 
| 119|0x000000008dd00000, 0x000000008dd00000, 0x000000008de00000|  0%| F|  |TAMS 0x000000008dd00000, 0x000000008dd00000| Untracked 
| 120|0x000000008de00000, 0x000000008de00000, 0x000000008df00000|  0%| F|  |TAMS 0x000000008de00000, 0x000000008de00000| Untracked 
| 121|0x000000008df00000, 0x000000008df00000, 0x000000008e000000|  0%| F|  |TAMS 0x000000008df00000, 0x000000008df00000| Untracked 
| 122|0x000000008e000000, 0x000000008e000000, 0x000000008e100000|  0%| F|  |TAMS 0x000000008e000000, 0x000000008e000000| Untracked 
| 123|0x000000008e100000, 0x000000008e100000, 0x000000008e200000|  0%| F|  |TAMS 0x000000008e100000, 0x000000008e100000| Untracked 
| 124|0x000000008e200000, 0x000000008e200000, 0x000000008e300000|  0%| F|  |TAMS 0x000000008e200000, 0x000000008e200000| Untracked 
| 125|0x000000008e300000, 0x000000008e300000, 0x000000008e400000|  0%| F|  |TAMS 0x000000008e300000, 0x000000008e300000| Untracked 
| 126|0x000000008e400000, 0x000000008e400000, 0x000000008e500000|  0%| F|  |TAMS 0x000000008e400000, 0x000000008e400000| Untracked 
| 127|0x000000008e500000, 0x000000008e500000, 0x000000008e600000|  0%| F|  |TAMS 0x000000008e500000, 0x000000008e500000| Untracked 
| 128|0x000000008e600000, 0x000000008e600000, 0x000000008e700000|  0%| F|  |TAMS 0x000000008e600000, 0x000000008e600000| Untracked 
| 129|0x000000008e700000, 0x000000008e700000, 0x000000008e800000|  0%| F|  |TAMS 0x000000008e700000, 0x000000008e700000| Untracked 
| 130|0x000000008e800000, 0x000000008e800000, 0x000000008e900000|  0%| F|  |TAMS 0x000000008e800000, 0x000000008e800000| Untracked 
| 131|0x000000008e900000, 0x000000008e900000, 0x000000008ea00000|  0%| F|  |TAMS 0x000000008e900000, 0x000000008e900000| Untracked 
| 132|0x000000008ea00000, 0x000000008ea00000, 0x000000008eb00000|  0%| F|  |TAMS 0x000000008ea00000, 0x000000008ea00000| Untracked 
| 133|0x000000008eb00000, 0x000000008eb00000, 0x000000008ec00000|  0%| F|  |TAMS 0x000000008eb00000, 0x000000008eb00000| Untracked 
| 134|0x000000008ec00000, 0x000000008ec00000, 0x000000008ed00000|  0%| F|  |TAMS 0x000000008ec00000, 0x000000008ec00000| Untracked 
| 135|0x000000008ed00000, 0x000000008ed00000, 0x000000008ee00000|  0%| F|  |TAMS 0x000000008ed00000, 0x000000008ed00000| Untracked 
| 136|0x000000008ee00000, 0x000000008ee00000, 0x000000008ef00000|  0%| F|  |TAMS 0x000000008ee00000, 0x000000008ee00000| Untracked 
| 137|0x000000008ef00000, 0x000000008ef00000, 0x000000008f000000|  0%| F|  |TAMS 0x000000008ef00000, 0x000000008ef00000| Untracked 
| 138|0x000000008f000000, 0x000000008f000000, 0x000000008f100000|  0%| F|  |TAMS 0x000000008f000000, 0x000000008f000000| Untracked 
| 139|0x000000008f100000, 0x000000008f100000, 0x000000008f200000|  0%| F|  |TAMS 0x000000008f100000, 0x000000008f100000| Untracked 
| 140|0x000000008f200000, 0x000000008f200000, 0x000000008f300000|  0%| F|  |TAMS 0x000000008f200000, 0x000000008f200000| Untracked 
| 141|0x000000008f300000, 0x000000008f300000, 0x000000008f400000|  0%| F|  |TAMS 0x000000008f300000, 0x000000008f300000| Untracked 
| 142|0x000000008f400000, 0x000000008f400000, 0x000000008f500000|  0%| F|  |TAMS 0x000000008f400000, 0x000000008f400000| Untracked 
| 143|0x000000008f500000, 0x000000008f500000, 0x000000008f600000|  0%| F|  |TAMS 0x000000008f500000, 0x000000008f500000| Untracked 

Card table byte_map: [0x0000027e0da60000,0x0000027e0de30000] _byte_map_base: 0x0000027e0d62d000

Marking Bits (Prev, Next): (CMBitMap*) 0x0000027e00b2d730, (CMBitMap*) 0x0000027e00b2d6f0
 Prev Bits: [0x0000027e10070000, 0x0000027e11ed8000)
 Next Bits: [0x0000027e0e200000, 0x0000027e10068000)

Polling page: 0x0000027e00b60000

Metaspace:

Usage:
  Non-class:     56.68 MB used.
      Class:      9.55 MB used.
       Both:     66.22 MB used.

Virtual space:
  Non-class space:       64.00 MB reserved,      57.00 MB ( 89%) committed,  1 nodes.
      Class space:        1.00 GB reserved,       9.81 MB ( <1%) committed,  1 nodes.
             Both:        1.06 GB reserved,      66.81 MB (  6%) committed. 

Chunk freelists:
   Non-Class:  6.80 MB
       Class:  6.14 MB
        Both:  12.94 MB

MaxMetaspaceSize: unlimited
CompressedClassSpaceSize: 1.00 GB
Initial GC threshold: 21.00 MB
Current GC threshold: 108.25 MB
CDS: on
MetaspaceReclaimPolicy: balanced
 - commit_granule_bytes: 65536.
 - commit_granule_words: 8192.
 - virtual_space_node_default_size: 8388608.
 - enlarge_chunks_in_place: 1.
 - new_chunks_are_fully_committed: 0.
 - uncommit_free_chunks: 1.
 - use_allocation_guard: 0.
 - handle_deallocations: 1.


Internal statistics:

num_allocs_failed_limit: 12.
num_arena_births: 804.
num_arena_deaths: 0.
num_vsnodes_births: 2.
num_vsnodes_deaths: 0.
num_space_committed: 1069.
num_space_uncommitted: 0.
num_chunks_returned_to_freelist: 12.
num_chunks_taken_from_freelist: 3272.
num_chunk_merges: 12.
num_chunk_splits: 2397.
num_chunks_enlarged: 1861.
num_inconsistent_stats: 0.

CodeCache: size=49152Kb used=12058Kb max_used=12058Kb free=37093Kb
 bounds [0x0000027e09db0000, 0x0000027e0a980000, 0x0000027e0cdb0000]
 total_blobs=6923 nmethods=6247 adapters=599
 compilation: enabled
              stopped_count=0, restarted_count=0
 full_count=0

Compilation events (20 events):
Event: 18.955 Thread 0x0000027e14c07a80 nmethod 6237 0x0000027e0a971f10 code [0x0000027e0a9720a0, 0x0000027e0a972188]
Event: 18.955 Thread 0x0000027e149ac080 nmethod 6238 0x0000027e0a972210 code [0x0000027e0a9723c0, 0x0000027e0a9724d8]
Event: 18.957 Thread 0x0000027e149ac080 6239       1       java.util.Comparator::comparing (18 bytes)
Event: 18.957 Thread 0x0000027e14c07a80 6240       1       java.util.Comparator$$Lambda$195/0x0000027e160ad078::<init> (10 bytes)
Event: 18.957 Thread 0x0000027e14c07a80 nmethod 6240 0x0000027e0a972590 code [0x0000027e0a972720, 0x0000027e0a972838]
Event: 18.958 Thread 0x0000027e149ac080 nmethod 6239 0x0000027e0a972890 code [0x0000027e0a972a40, 0x0000027e0a972cd8]
Event: 18.959 Thread 0x0000027e14c07a80 6241       1       org.springframework.aop.framework.autoproxy.AbstractAutoProxyCreator::postProcessBeforeInstantiation (149 bytes)
Event: 18.961 Thread 0x0000027e14c07a80 nmethod 6241 0x0000027e0a972e90 code [0x0000027e0a9731a0, 0x0000027e0a973b78]
Event: 18.975 Thread 0x0000027e14c07a80 6242       1       org.springframework.aop.framework.autoproxy.AbstractAutoProxyCreator::getCustomTargetSource (108 bytes)
Event: 18.975 Thread 0x0000027e14c07a80 nmethod 6242 0x0000027e0a974290 code [0x0000027e0a974480, 0x0000027e0a974748]
Event: 19.003 Thread 0x0000027e14c07a80 6243       1       sun.reflect.generics.repository.ConstructorRepository::computeParameterTypes (62 bytes)
Event: 19.003 Thread 0x0000027e149ac080 6244       1       org.springframework.beans.factory.config.DependencyDescriptor::<init> (8 bytes)
Event: 19.004 Thread 0x0000027e149ac080 nmethod 6244 0x0000027e0a974910 code [0x0000027e0a974aa0, 0x0000027e0a974b88]
Event: 19.004 Thread 0x0000027e149ac080 6245       1       org.springframework.beans.factory.config.DependencyDescriptor::<init> (74 bytes)
Event: 19.004 Thread 0x0000027e14c07a80 nmethod 6243 0x0000027e0a974c10 code [0x0000027e0a974dc0, 0x0000027e0a9751c8]
Event: 19.004 Thread 0x0000027e149ac080 nmethod 6245 0x0000027e0a975410 code [0x0000027e0a975600, 0x0000027e0a975a78]
Event: 19.010 Thread 0x0000027e149ac080 6246   !   1       jdk.internal.reflect.GeneratedMethodAccessor1::invoke (63 bytes)
Event: 19.011 Thread 0x0000027e149ac080 nmethod 6246 0x0000027e0a975c90 code [0x0000027e0a975e80, 0x0000027e0a976278]
Event: 19.033 Thread 0x0000027e14c07a80 6247       1       org.springframework.core.annotation.AnnotationTypeMapping::isSynthesizable (5 bytes)
Event: 19.034 Thread 0x0000027e14c07a80 nmethod 6247 0x0000027e0a976790 code [0x0000027e0a976920, 0x0000027e0a9769f8]

GC Heap History (20 events):
Event: 16.814 GC heap after
{Heap after GC invocations=22 (full 0):
 garbage-first heap   total 65536K, used 36153K [0x0000000086600000, 0x0000000100000000)
  region size 1024K, 3 young (3072K), 3 survivors (3072K)
 Metaspace       used 65699K, committed 66304K, reserved 1114112K
  class space    used 9463K, committed 9728K, reserved 1048576K
}
Event: 16.901 GC heap before
{Heap before GC invocations=22 (full 0):
 garbage-first heap   total 89088K, used 52537K [0x0000000086600000, 0x0000000100000000)
  region size 1024K, 19 young (19456K), 3 survivors (3072K)
 Metaspace       used 65699K, committed 66304K, reserved 1114112K
  class space    used 9463K, committed 9728K, reserved 1048576K
}
Event: 16.911 GC heap after
{Heap after GC invocations=23 (full 0):
 garbage-first heap   total 89088K, used 40787K [0x0000000086600000, 0x0000000100000000)
  region size 1024K, 3 young (3072K), 3 survivors (3072K)
 Metaspace       used 65699K, committed 66304K, reserved 1114112K
  class space    used 9463K, committed 9728K, reserved 1048576K
}
Event: 17.066 GC heap before
{Heap before GC invocations=24 (full 0):
 garbage-first heap   total 89088K, used 68435K [0x0000000086600000, 0x0000000100000000)
  region size 1024K, 31 young (31744K), 3 survivors (3072K)
 Metaspace       used 65709K, committed 66304K, reserved 1114112K
  class space    used 9465K, committed 9728K, reserved 1048576K
}
Event: 17.075 GC heap after
{Heap after GC invocations=25 (full 0):
 garbage-first heap   total 89088K, used 47877K [0x0000000086600000, 0x0000000100000000)
  region size 1024K, 4 young (4096K), 4 survivors (4096K)
 Metaspace       used 65709K, committed 66304K, reserved 1114112K
  class space    used 9465K, committed 9728K, reserved 1048576K
}
Event: 17.191 GC heap before
{Heap before GC invocations=25 (full 0):
 garbage-first heap   total 89088K, used 57093K [0x0000000086600000, 0x0000000100000000)
  region size 1024K, 14 young (14336K), 4 survivors (4096K)
 Metaspace       used 65789K, committed 66432K, reserved 1114112K
  class space    used 9476K, committed 9792K, reserved 1048576K
}
Event: 17.198 GC heap after
{Heap after GC invocations=26 (full 0):
 garbage-first heap   total 89088K, used 51723K [0x0000000086600000, 0x0000000100000000)
  region size 1024K, 4 young (4096K), 4 survivors (4096K)
 Metaspace       used 65789K, committed 66432K, reserved 1114112K
  class space    used 9476K, committed 9792K, reserved 1048576K
}
Event: 17.261 GC heap before
{Heap before GC invocations=26 (full 0):
 garbage-first heap   total 89088K, used 67083K [0x0000000086600000, 0x0000000100000000)
  region size 1024K, 18 young (18432K), 4 survivors (4096K)
 Metaspace       used 65789K, committed 66432K, reserved 1114112K
  class space    used 9476K, committed 9792K, reserved 1048576K
}
Event: 17.267 GC heap after
{Heap after GC invocations=27 (full 0):
 garbage-first heap   total 139264K, used 54976K [0x0000000086600000, 0x0000000100000000)
  region size 1024K, 3 young (3072K), 3 survivors (3072K)
 Metaspace       used 65789K, committed 66432K, reserved 1114112K
  class space    used 9476K, committed 9792K, reserved 1048576K
}
Event: 17.526 GC heap before
{Heap before GC invocations=28 (full 0):
 garbage-first heap   total 139264K, used 92864K [0x0000000086600000, 0x0000000100000000)
  region size 1024K, 42 young (43008K), 3 survivors (3072K)
 Metaspace       used 65793K, committed 66432K, reserved 1114112K
  class space    used 9477K, committed 9792K, reserved 1048576K
}
Event: 17.539 GC heap after
{Heap after GC invocations=29 (full 0):
 garbage-first heap   total 139264K, used 64346K [0x0000000086600000, 0x0000000100000000)
  region size 1024K, 6 young (6144K), 6 survivors (6144K)
 Metaspace       used 65793K, committed 66432K, reserved 1114112K
  class space    used 9477K, committed 9792K, reserved 1048576K
}
Event: 17.666 GC heap before
{Heap before GC invocations=29 (full 0):
 garbage-first heap   total 139264K, used 98138K [0x0000000086600000, 0x0000000100000000)
  region size 1024K, 39 young (39936K), 6 survivors (6144K)
 Metaspace       used 65793K, committed 66432K, reserved 1114112K
  class space    used 9477K, committed 9792K, reserved 1048576K
}
Event: 17.677 GC heap after
{Heap after GC invocations=30 (full 0):
 garbage-first heap   total 139264K, used 71886K [0x0000000086600000, 0x0000000100000000)
  region size 1024K, 5 young (5120K), 5 survivors (5120K)
 Metaspace       used 65793K, committed 66432K, reserved 1114112K
  class space    used 9477K, committed 9792K, reserved 1048576K
}
Event: 17.814 GC heap before
{Heap before GC invocations=30 (full 0):
 garbage-first heap   total 139264K, used 96462K [0x0000000086600000, 0x0000000100000000)
  region size 1024K, 31 young (31744K), 5 survivors (5120K)
 Metaspace       used 65834K, committed 66496K, reserved 1114112K
  class space    used 9484K, committed 9792K, reserved 1048576K
}
Event: 17.826 GC heap after
{Heap after GC invocations=31 (full 0):
 garbage-first heap   total 139264K, used 79542K [0x0000000086600000, 0x0000000100000000)
  region size 1024K, 5 young (5120K), 5 survivors (5120K)
 Metaspace       used 65834K, committed 66496K, reserved 1114112K
  class space    used 9484K, committed 9792K, reserved 1048576K
}
Event: 18.060 GC heap before
{Heap before GC invocations=32 (full 0):
 garbage-first heap   total 147456K, used 93878K [0x0000000086600000, 0x0000000100000000)
  region size 1024K, 30 young (30720K), 5 survivors (5120K)
 Metaspace       used 65834K, committed 66496K, reserved 1114112K
  class space    used 9484K, committed 9792K, reserved 1048576K
}
Event: 18.069 GC heap after
{Heap after GC invocations=33 (full 0):
 garbage-first heap   total 147456K, used 74675K [0x0000000086600000, 0x0000000100000000)
  region size 1024K, 4 young (4096K), 4 survivors (4096K)
 Metaspace       used 65834K, committed 66496K, reserved 1114112K
  class space    used 9484K, committed 9792K, reserved 1048576K
}
Event: 18.094 GC heap before
{Heap before GC invocations=33 (full 0):
 garbage-first heap   total 147456K, used 77747K [0x0000000086600000, 0x0000000100000000)
  region size 1024K, 7 young (7168K), 4 survivors (4096K)
 Metaspace       used 65834K, committed 66496K, reserved 1114112K
  class space    used 9484K, committed 9792K, reserved 1048576K
}
Event: 18.099 GC heap after
{Heap after GC invocations=34 (full 0):
 garbage-first heap   total 147456K, used 63441K [0x0000000086600000, 0x0000000100000000)
  region size 1024K, 1 young (1024K), 1 survivors (1024K)
 Metaspace       used 65834K, committed 66496K, reserved 1114112K
  class space    used 9484K, committed 9792K, reserved 1048576K
}
Event: 19.034 GC heap before
{Heap before GC invocations=34 (full 0):
 garbage-first heap   total 147456K, used 102353K [0x0000000086600000, 0x0000000100000000)
  region size 1024K, 40 young (40960K), 1 survivors (1024K)
 Metaspace       used 67812K, committed 68416K, reserved 1114112K
  class space    used 9776K, committed 10048K, reserved 1048576K
}

Dll operation events (13 events):
Event: 0.023 Loaded shared library C:\Users\swh01\.jdks\corretto-17.0.9\bin\java.dll
Event: 0.062 Loaded shared library C:\Users\swh01\.jdks\corretto-17.0.9\bin\jsvml.dll
Event: 0.470 Loaded shared library C:\Users\swh01\.jdks\corretto-17.0.9\bin\zip.dll
Event: 0.482 Loaded shared library C:\Users\swh01\.jdks\corretto-17.0.9\bin\instrument.dll
Event: 0.492 Loaded shared library C:\Users\swh01\.jdks\corretto-17.0.9\bin\net.dll
Event: 0.497 Loaded shared library C:\Users\swh01\.jdks\corretto-17.0.9\bin\nio.dll
Event: 0.503 Loaded shared library C:\Users\swh01\.jdks\corretto-17.0.9\bin\zip.dll
Event: 0.758 Loaded shared library C:\Program Files\JetBrains\IntelliJ IDEA 2023.2.5\bin\breakgen64.dll
Event: 0.769 Loaded shared library C:\Users\swh01\.jdks\corretto-17.0.9\bin\jimage.dll
Event: 0.812 Loaded shared library C:\Users\swh01\.jdks\corretto-17.0.9\bin\management.dll
Event: 0.838 Loaded shared library C:\Users\swh01\.jdks\corretto-17.0.9\bin\management_ext.dll
Event: 3.212 Loaded shared library C:\Users\swh01\.jdks\corretto-17.0.9\bin\verify.dll
Event: 4.580 Loaded shared library C:\Users\swh01\.jdks\corretto-17.0.9\bin\sunmscapi.dll

Deoptimization events (16 events):
Event: 3.322 Thread 0x0000027e5abcc4e0 DEOPT PACKING pc=0x0000027e0a39ba99 sp=0x000000e1742fc5b0
Event: 3.322 Thread 0x0000027e5abcc4e0 DEOPT UNPACKING pc=0x0000027e09e0ace3 sp=0x000000e1742fba90 mode 3
Event: 3.677 Thread 0x0000027e5abcc4e0 DEOPT PACKING pc=0x0000027e0a3ef955 sp=0x000000e1742fcab0
Event: 3.677 Thread 0x0000027e5abcc4e0 DEOPT UNPACKING pc=0x0000027e09e0ace3 sp=0x000000e1742fbf58 mode 3
Event: 7.284 Thread 0x0000027e5abcc4e0 DEOPT PACKING pc=0x0000027e0a67eb9d sp=0x000000e1742fb920
Event: 7.284 Thread 0x0000027e5abcc4e0 DEOPT UNPACKING pc=0x0000027e09e0ace3 sp=0x000000e1742fae88 mode 3
Event: 7.319 Thread 0x0000027e5abcc4e0 DEOPT PACKING pc=0x0000027e0a39e181 sp=0x000000e1742fdaa0
Event: 7.319 Thread 0x0000027e5abcc4e0 DEOPT UNPACKING pc=0x0000027e09e0ace3 sp=0x000000e1742fcf30 mode 3
Event: 7.320 Thread 0x0000027e14ba6420 DEOPT PACKING pc=0x0000027e0a299817 sp=0x000000e1745ff0b0
Event: 7.320 Thread 0x0000027e14ba6420 DEOPT UNPACKING pc=0x0000027e09e0ace3 sp=0x000000e1745fe508 mode 3
Event: 14.994 Thread 0x0000027e5abcc4e0 DEOPT PACKING pc=0x0000027e0a3b07aa sp=0x000000e1742fbe30
Event: 14.994 Thread 0x0000027e5abcc4e0 DEOPT UNPACKING pc=0x0000027e09e0ace3 sp=0x000000e1742fb338 mode 3
Event: 15.310 Thread 0x0000027e5abcc4e0 DEOPT PACKING pc=0x0000027e0a3be6a4 sp=0x000000e1742fc2e0
Event: 15.310 Thread 0x0000027e5abcc4e0 DEOPT UNPACKING pc=0x0000027e09e0ace3 sp=0x000000e1742fb838 mode 0
Event: 16.734 Thread 0x0000027e5abcc4e0 DEOPT PACKING pc=0x0000027e0a8108fb sp=0x000000e1742f9e80
Event: 16.734 Thread 0x0000027e5abcc4e0 DEOPT UNPACKING pc=0x0000027e09e0ace3 sp=0x000000e1742f93c8 mode 3

Classes unloaded (0 events):
No events

Classes redefined (0 events):
No events

Internal exceptions (20 events):
Event: 17.794 Thread 0x0000027e5c49ab80 Exception <a 'sun/nio/fs/WindowsException'{0x000000008d7c04a0}> (0x000000008d7c04a0) 
thrown [s\src\hotspot\share\prims\jni.cpp, line 516]
Event: 17.794 Thread 0x0000027e5c49c4d0 Exception <a 'sun/nio/fs/WindowsException'{0x000000008d7cd338}> (0x000000008d7cd338) 
thrown [s\src\hotspot\share\prims\jni.cpp, line 516]
Event: 17.794 Thread 0x0000027e5c49ab80 Exception <a 'sun/nio/fs/WindowsException'{0x000000008d7c0740}> (0x000000008d7c0740) 
thrown [s\src\hotspot\share\prims\jni.cpp, line 516]
Event: 17.794 Thread 0x0000027e5c49c4d0 Exception <a 'sun/nio/fs/WindowsException'{0x000000008d7cd620}> (0x000000008d7cd620) 
thrown [s\src\hotspot\share\prims\jni.cpp, line 516]
Event: 17.794 Thread 0x0000027e5c49ab80 Exception <a 'sun/nio/fs/WindowsException'{0x000000008d7c1048}> (0x000000008d7c1048) 
thrown [s\src\hotspot\share\prims\jni.cpp, line 516]
Event: 17.794 Thread 0x0000027e5c49c4d0 Exception <a 'sun/nio/fs/WindowsException'{0x000000008d7cdf58}> (0x000000008d7cdf58) 
thrown [s\src\hotspot\share\prims\jni.cpp, line 516]
Event: 17.794 Thread 0x0000027e5c49ab80 Exception <a 'sun/nio/fs/WindowsException'{0x000000008d7c1308}> (0x000000008d7c1308) 
thrown [s\src\hotspot\share\prims\jni.cpp, line 516]
Event: 17.794 Thread 0x0000027e5c49c4d0 Exception <a 'sun/nio/fs/WindowsException'{0x000000008d7ce258}> (0x000000008d7ce258) 
thrown [s\src\hotspot\share\prims\jni.cpp, line 516]
Event: 17.794 Thread 0x0000027e5c49ab80 Exception <a 'sun/nio/fs/WindowsException'{0x000000008d7c1c28}> (0x000000008d7c1c28) 
thrown [s\src\hotspot\share\prims\jni.cpp, line 516]
Event: 17.794 Thread 0x0000027e5c49ab80 Exception <a 'sun/nio/fs/WindowsException'{0x000000008d7c1ef8}> (0x000000008d7c1ef8) 
thrown [s\src\hotspot\share\prims\jni.cpp, line 516]
Event: 17.794 Thread 0x0000027e5c49c4d0 Exception <a 'sun/nio/fs/WindowsException'{0x000000008d7ceb88}> (0x000000008d7ceb88) 
thrown [s\src\hotspot\share\prims\jni.cpp, line 516]
Event: 17.795 Thread 0x0000027e5c49c4d0 Exception <a 'sun/nio/fs/WindowsException'{0x000000008d7cee80}> (0x000000008d7cee80) 
thrown [s\src\hotspot\share\prims\jni.cpp, line 516]
Event: 17.795 Thread 0x0000027e5c49ab80 Exception <a 'sun/nio/fs/WindowsException'{0x000000008d7c2830}> (0x000000008d7c2830) 
thrown [s\src\hotspot\share\prims\jni.cpp, line 516]
Event: 17.795 Thread 0x0000027e5c49ab80 Exception <a 'sun/nio/fs/WindowsException'{0x000000008d7c2b20}> (0x000000008d7c2b20) 
thrown [s\src\hotspot\share\prims\jni.cpp, line 516]
Event: 17.795 Thread 0x0000027e5c49ab80 Exception <a 'sun/nio/fs/WindowsException'{0x000000008d7c3450}> (0x000000008d7c3450) 
thrown [s\src\hotspot\share\prims\jni.cpp, line 516]
Event: 17.795 Thread 0x0000027e5c49ab80 Exception <a 'sun/nio/fs/WindowsException'{0x000000008d7c3740}> (0x000000008d7c3740) 
thrown [s\src\hotspot\share\prims\jni.cpp, line 516]
Event: 18.447 Thread 0x0000027e5abcc4e0 Exception <a 'java/lang/NoSuchMethodError'{0x000000008db468c8}: 'java.lang.Object java.lang.invoke.DirectMethodHandle$Holder.invokeInterface(java.lang.Object, java.lang.Object, java.lang.Object, java.lang.Object)'> (0x000000008db468c8) 
thrown [s\src\hotspot\share\interpreter\linkResolver.cpp, line 759]
Event: 18.585 Thread 0x0000027e5abcc4e0 Exception <a 'java/lang/NoSuchMethodError'{0x000000008d8057a0}: 'void java.lang.invoke.DirectMethodHandle$Holder.invokeVirtual(java.lang.Object, java.lang.Object, long)'> (0x000000008d8057a0) 
thrown [s\src\hotspot\share\interpreter\linkResolver.cpp, line 759]
Event: 18.748 Thread 0x0000027e5abcc4e0 Exception <a 'java/lang/NoSuchMethodError'{0x000000008d5d8518}: 'int java.lang.invoke.DirectMethodHandle$Holder.invokeStaticInit(java.lang.Object, java.lang.Object, java.lang.Object, java.lang.Object)'> (0x000000008d5d8518) 
thrown [s\src\hotspot\share\interpreter\linkResolver.cpp, line 759]
Event: 19.022 Thread 0x0000027e5abcc4e0 Exception <a 'java/lang/IncompatibleClassChangeError'{0x000000008cebe138}: Found class java.lang.Object, but interface was expected> (0x000000008cebe138) 
thrown [s\src\hotspot\share\interpreter\linkResolver.cpp, line 826]

VM Operations (20 events):
Event: 17.321 Executing VM operation: G1PauseRemark done
Event: 17.378 Executing VM operation: G1PauseCleanup
Event: 17.379 Executing VM operation: G1PauseCleanup done
Event: 17.526 Executing VM operation: G1CollectForAllocation
Event: 17.539 Executing VM operation: G1CollectForAllocation done
Event: 17.666 Executing VM operation: G1CollectForAllocation
Event: 17.677 Executing VM operation: G1CollectForAllocation done
Event: 17.814 Executing VM operation: G1TryInitiateConcMark
Event: 17.827 Executing VM operation: G1TryInitiateConcMark done
Event: 17.936 Executing VM operation: G1PauseRemark
Event: 17.943 Executing VM operation: G1PauseRemark done
Event: 17.991 Executing VM operation: G1PauseCleanup
Event: 17.996 Executing VM operation: G1PauseCleanup done
Event: 18.060 Executing VM operation: G1CollectForAllocation
Event: 18.069 Executing VM operation: G1CollectForAllocation done
Event: 18.094 Executing VM operation: G1CollectForAllocation
Event: 18.101 Executing VM operation: G1CollectForAllocation done
Event: 18.656 Executing VM operation: HandshakeAllThreads
Event: 18.656 Executing VM operation: HandshakeAllThreads done
Event: 19.034 Executing VM operation: G1CollectForAllocation

Events (20 events):
Event: 18.886 loading class jdk/internal/reflect/UnsafeQualifiedObjectFieldAccessorImpl
Event: 18.886 loading class jdk/internal/reflect/UnsafeQualifiedFieldAccessorImpl
Event: 18.886 loading class jdk/internal/reflect/UnsafeQualifiedFieldAccessorImpl done
Event: 18.886 loading class jdk/internal/reflect/UnsafeQualifiedObjectFieldAccessorImpl done
Event: 18.964 loading class javax/management/InstanceAlreadyExistsException
Event: 18.964 loading class javax/management/InstanceAlreadyExistsException done
Event: 18.965 loading class javax/management/NotCompliantMBeanException
Event: 18.965 loading class javax/management/NotCompliantMBeanException done
Event: 18.966 loading class javax/management/modelmbean/ModelMBean
Event: 18.966 loading class javax/management/PersistentMBean
Event: 18.966 loading class javax/management/PersistentMBean done
Event: 18.966 loading class javax/management/modelmbean/ModelMBean done
Event: 18.970 loading class javax/management/modelmbean/ModelMBeanInfo
Event: 18.970 loading class javax/management/modelmbean/ModelMBeanInfo done
Event: 18.977 loading class javax/management/Attribute
Event: 18.978 loading class javax/management/Attribute done
Event: 18.978 loading class javax/management/AttributeList
Event: 18.978 loading class javax/management/AttributeList done
Event: 18.978 loading class javax/management/IntrospectionException
Event: 18.978 loading class javax/management/IntrospectionException done


Dynamic libraries:
0x00007ff6bab90000 - 0x00007ff6bab9e000 	C:\Users\swh01\.jdks\corretto-17.0.9\bin\java.exe
0x00007ffeba450000 - 0x00007ffeba667000 	C:\WINDOWS\SYSTEM32\ntdll.dll
0x00007ffeb92c0000 - 0x00007ffeb9384000 	C:\WINDOWS\System32\KERNEL32.DLL
0x00007ffeb7b40000 - 0x00007ffeb7ef9000 	C:\WINDOWS\System32\KERNELBASE.dll
0x00007ffeb78c0000 - 0x00007ffeb79d1000 	C:\WINDOWS\System32\ucrtbase.dll
0x00007ffe83240000 - 0x00007ffe83257000 	C:\Users\swh01\.jdks\corretto-17.0.9\bin\jli.dll
0x00007ffeb8600000 - 0x00007ffeb87ae000 	C:\WINDOWS\System32\USER32.dll
0x00007ffe98750000 - 0x00007ffe989e2000 	C:\WINDOWS\WinSxS\amd64_microsoft.windows.common-controls_6595b64144ccf1df_6.0.22621.4391_none_2715d37f73803e96\COMCTL32.dll
0x00007ffeb7fa0000 - 0x00007ffeb7fc6000 	C:\WINDOWS\System32\win32u.dll
0x00007ffeba0c0000 - 0x00007ffeba167000 	C:\WINDOWS\System32\msvcrt.dll
0x00007ffeb8310000 - 0x00007ffeb8339000 	C:\WINDOWS\System32\GDI32.dll
0x00007ffeb8050000 - 0x00007ffeb816b000 	C:\WINDOWS\System32\gdi32full.dll
0x00007ffeb7aa0000 - 0x00007ffeb7b3a000 	C:\WINDOWS\System32\msvcp_win.dll
0x00007ffe83200000 - 0x00007ffe8321b000 	C:\Users\swh01\.jdks\corretto-17.0.9\bin\VCRUNTIME140.dll
0x00007ffeba170000 - 0x00007ffeba1a1000 	C:\WINDOWS\System32\IMM32.DLL
0x00007ffea10f0000 - 0x00007ffea10fc000 	C:\Users\swh01\.jdks\corretto-17.0.9\bin\vcruntime140_1.dll
0x00007ffe757a0000 - 0x00007ffe7582d000 	C:\Users\swh01\.jdks\corretto-17.0.9\bin\msvcp140.dll
0x00007ffe4a130000 - 0x00007ffe4ad91000 	C:\Users\swh01\.jdks\corretto-17.0.9\bin\server\jvm.dll
0x00007ffeb9200000 - 0x00007ffeb92b2000 	C:\WINDOWS\System32\ADVAPI32.dll
0x00007ffeb9af0000 - 0x00007ffeb9b97000 	C:\WINDOWS\System32\sechost.dll
0x00007ffeb7f00000 - 0x00007ffeb7f28000 	C:\WINDOWS\System32\bcrypt.dll
0x00007ffeba2f0000 - 0x00007ffeba404000 	C:\WINDOWS\System32\RPCRT4.dll
0x00007ffeb7470000 - 0x00007ffeb74bd000 	C:\WINDOWS\SYSTEM32\POWRPROF.dll
0x00007ffeab760000 - 0x00007ffeab769000 	C:\WINDOWS\SYSTEM32\WSOCK32.dll
0x00007ffeba270000 - 0x00007ffeba2e1000 	C:\WINDOWS\System32\WS2_32.dll
0x00007ffeb04c0000 - 0x00007ffeb04ca000 	C:\WINDOWS\SYSTEM32\VERSION.dll
0x00007ffeb0ac0000 - 0x00007ffeb0af4000 	C:\WINDOWS\SYSTEM32\WINMM.dll
0x00007ffeb7200000 - 0x00007ffeb7213000 	C:\WINDOWS\SYSTEM32\UMPDC.dll
0x00007ffeb6800000 - 0x00007ffeb6818000 	C:\WINDOWS\SYSTEM32\kernel.appcore.dll
0x00007ffea1060000 - 0x00007ffea106a000 	C:\Users\swh01\.jdks\corretto-17.0.9\bin\jimage.dll
0x00007ffeb5da0000 - 0x00007ffeb5fd2000 	C:\WINDOWS\SYSTEM32\DBGHELP.DLL
0x00007ffeb9c50000 - 0x00007ffeb9fdf000 	C:\WINDOWS\System32\combase.dll
0x00007ffeb9fe0000 - 0x00007ffeba0b7000 	C:\WINDOWS\System32\OLEAUT32.dll
0x00007ffe9d1c0000 - 0x00007ffe9d1f2000 	C:\WINDOWS\SYSTEM32\dbgcore.DLL
0x00007ffeb7fd0000 - 0x00007ffeb804b000 	C:\WINDOWS\System32\bcryptPrimitives.dll
0x00007ffeb1bc0000 - 0x00007ffeb1bce000 	C:\Users\swh01\.jdks\corretto-17.0.9\bin\instrument.dll
0x00007ffe7d4b0000 - 0x00007ffe7d4d5000 	C:\Users\swh01\.jdks\corretto-17.0.9\bin\java.dll
0x00007ffe6cc50000 - 0x00007ffe6cd27000 	C:\Users\swh01\.jdks\corretto-17.0.9\bin\jsvml.dll
0x00007ffeb8980000 - 0x00007ffeb91f6000 	C:\WINDOWS\System32\SHELL32.dll
0x00007ffeb5380000 - 0x00007ffeb5c83000 	C:\WINDOWS\SYSTEM32\windows.storage.dll
0x00007ffeb5240000 - 0x00007ffeb537f000 	C:\WINDOWS\SYSTEM32\wintypes.dll
0x00007ffeb9390000 - 0x00007ffeb9489000 	C:\WINDOWS\System32\SHCORE.dll
0x00007ffeba1b0000 - 0x00007ffeba20e000 	C:\WINDOWS\System32\shlwapi.dll
0x00007ffeb7680000 - 0x00007ffeb76ab000 	C:\WINDOWS\SYSTEM32\profapi.dll
0x00007ffe7d100000 - 0x00007ffe7d118000 	C:\Users\swh01\.jdks\corretto-17.0.9\bin\zip.dll
0x00007ffe83260000 - 0x00007ffe83279000 	C:\Users\swh01\.jdks\corretto-17.0.9\bin\net.dll
0x00007ffeb2950000 - 0x00007ffeb2a86000 	C:\WINDOWS\SYSTEM32\WINHTTP.dll
0x00007ffeb6c80000 - 0x00007ffeb6ce9000 	C:\WINDOWS\system32\mswsock.dll
0x00007ffe7fa40000 - 0x00007ffe7fa56000 	C:\Users\swh01\.jdks\corretto-17.0.9\bin\nio.dll
0x00007ffe87480000 - 0x00007ffe8749a000 	C:\Program Files\JetBrains\IntelliJ IDEA 2023.2.5\bin\breakgen64.dll
0x00007ffeb6220000 - 0x00007ffeb6322000 	C:\WINDOWS\SYSTEM32\DNSAPI.dll
0x00007ffeb6150000 - 0x00007ffeb617d000 	C:\WINDOWS\SYSTEM32\IPHLPAPI.DLL
0x00007ffeb9ad0000 - 0x00007ffeb9ad9000 	C:\WINDOWS\System32\NSI.dll
0x00007ffeb04b0000 - 0x00007ffeb04ba000 	C:\Windows\System32\rasadhlp.dll
0x00007ffeaf5f0000 - 0x00007ffeaf673000 	C:\WINDOWS\System32\fwpuclnt.dll
0x00007ffeaae30000 - 0x00007ffeaae39000 	C:\Users\swh01\.jdks\corretto-17.0.9\bin\management.dll
0x00007ffeaae20000 - 0x00007ffeaae2b000 	C:\Users\swh01\.jdks\corretto-17.0.9\bin\management_ext.dll
0x00007ffeb9ae0000 - 0x00007ffeb9ae8000 	C:\WINDOWS\System32\PSAPI.DLL
0x00007ffeb6ed0000 - 0x00007ffeb6eeb000 	C:\WINDOWS\SYSTEM32\CRYPTSP.dll
0x00007ffeb6760000 - 0x00007ffeb6795000 	C:\WINDOWS\system32\rsaenh.dll
0x00007ffeb6d70000 - 0x00007ffeb6d98000 	C:\WINDOWS\SYSTEM32\USERENV.dll
0x00007ffeb6ef0000 - 0x00007ffeb6efc000 	C:\WINDOWS\SYSTEM32\CRYPTBASE.dll
0x00007ffeb2930000 - 0x00007ffeb2949000 	C:\WINDOWS\SYSTEM32\dhcpcsvc6.DLL
0x00007ffeb2910000 - 0x00007ffeb292f000 	C:\WINDOWS\SYSTEM32\dhcpcsvc.DLL
0x00007ffe98bf0000 - 0x00007ffe98c07000 	C:\WINDOWS\system32\napinsp.dll
0x00007ffe98a80000 - 0x00007ffe98a9b000 	C:\WINDOWS\system32\pnrpnsp.dll
0x00007ffe98a20000 - 0x00007ffe98a31000 	C:\WINDOWS\System32\winrnr.dll
0x00007ffeaf3c0000 - 0x00007ffeaf3d5000 	C:\WINDOWS\system32\wshbth.dll
0x00007ffe989f0000 - 0x00007ffe98a17000 	C:\WINDOWS\system32\nlansp_c.dll
0x00007ffea0ac0000 - 0x00007ffea0ad0000 	C:\Users\swh01\.jdks\corretto-17.0.9\bin\verify.dll
0x00007ffea0670000 - 0x00007ffea067e000 	C:\Users\swh01\.jdks\corretto-17.0.9\bin\sunmscapi.dll
0x00007ffeb7750000 - 0x00007ffeb78b6000 	C:\WINDOWS\System32\CRYPT32.dll
0x00007ffeb7090000 - 0x00007ffeb70bd000 	C:\WINDOWS\SYSTEM32\ncrypt.dll
0x00007ffeb7050000 - 0x00007ffeb7087000 	C:\WINDOWS\SYSTEM32\NTASN1.dll

dbghelp: loaded successfully - version: 4.0.5 - missing functions: none
symbol engine: initialized successfully - sym options: 0x614 - pdb path: .;C:\Users\swh01\.jdks\corretto-17.0.9\bin;C:\WINDOWS\SYSTEM32;C:\WINDOWS\WinSxS\amd64_microsoft.windows.common-controls_6595b64144ccf1df_6.0.22621.4391_none_2715d37f73803e96;C:\Users\swh01\.jdks\corretto-17.0.9\bin\server;C:\Program Files\JetBrains\IntelliJ IDEA 2023.2.5\bin

VM Arguments:
jvm_args: -XX:TieredStopAtLevel=1 -Dspring.output.ansi.enabled=always -Dcom.sun.management.jmxremote -Dspring.jmx.enabled=true -Dspring.liveBeansView.mbeanDomain -Dspring.application.admin.enabled=true -Dmanagement.endpoints.jmx.exposure.include=* -javaagent:C:\Program Files\JetBrains\IntelliJ IDEA 2023.2.5\lib\idea_rt.jar=49279:C:\Program Files\JetBrains\IntelliJ IDEA 2023.2.5\bin -Dfile.encoding=UTF-8 
java_command: com.example.jobapi.JobApiApplication
java_class_path (initial): C:\Users\swh01\IdeaProjects\jobAPI\out\production\classes;C:\Users\swh01\IdeaProjects\jobAPI\out\production\resources;C:\Users\swh01\.gradle\caches\modules-2\files-2.1\com.querydsl\querydsl-apt\5.0.0\d48657412f2b96d787bbe5ae393e33815c94b4d0\querydsl-apt-5.0.0-jakarta.jar;C:\Users\swh01\.gradle\caches\modules-2\files-2.1\org.springframework.boot\spring-boot-starter-data-jpa\3.3.1\f12725d58a944eaf4d44334a6a7b0fe14ed08577\spring-boot-starter-data-jpa-3.3.1.jar;C:\Users\swh01\.gradle\caches\modules-2\files-2.1\jakarta.persistence\jakarta.persistence-api\3.1.0\66901fa1c373c6aff65c13791cc11da72060a8d6\jakarta.persistence-api-3.1.0.jar;C:\Users\swh01\.gradle\caches\modules-2\files-2.1\org.projectlombok\lombok\1.18.32\17d46b3e205515e1e8efd3ee4d57ce8018914163\lombok-1.18.32.jar;C:\Users\swh01\.gradle\caches\modules-2\files-2.1\org.springframework.boot\spring-boot-starter-thymeleaf\3.3.1\bfaf6d8f8f8498d5c35758204af71aceb22c21eb\spring-boot-starter-thymeleaf-3.3.1.jar;C:\Users\swh01\.gradle\caches\modules-2\files-2.1\org.springframework.boot\spring-boot-starter-web\3.3.1\ec812e82a010d089438b6ac98ebe294f2e540f71\spring-boot-starter-web-3.3.1.jar;C:\Users\swh01\.gradle\caches\modules-2\files-2.1\org.springframework.boot\spring-boot-starter-validation\3.3.1\33dee7cc334482480ed01c19c7fe5a35509bba17\spring-boot-starter-validation-3.3.1.jar;C:\Users\swh01\.gradle\caches\modules-2\files-2.1\org.springframework.boot\spring-boot-starter-security\3.3.1\8bd079c5339fc519fce243858cb3db819a983e9b\spring-boot-starter-security-3.3.1.jar;C:\Users\swh01\.gradle\caches\modules-2\files-2.1\org.springdoc\springdoc-openapi-starter-webmvc-ui\2.0.4\975455ed2fb5e518331ae11dacf5e9d36ca17553\springdoc-openapi-starter-webmvc-ui-2.0.4.jar;C:\Users\swh01\.gradle\caches\modules-2\files-2.1\ch.qos.logback\logback-classic\1.4.11\54450c0c783e896a1a6d88c043bd2f1daba1c382\logback-classic-1.4.11.jar;C:\Users\swh01\.gradle\caches\modules-2\files-2.1\org.slf4j\slf4j-api\2.0.9\7cf2726fdc
Launcher Type: SUN_STANDARD

[Global flags]
     intx CICompilerCount                          = 4                                         {product} {ergonomic}
     uint ConcGCThreads                            = 2                                         {product} {ergonomic}
     uint G1ConcRefinementThreads                  = 8                                         {product} {ergonomic}
   size_t G1HeapRegionSize                         = 1048576                                   {product} {ergonomic}
    uintx GCDrainStackTargetSize                   = 64                                        {product} {ergonomic}
   size_t InitialHeapSize                          = 127926272                                 {product} {ergonomic}
     bool ManagementServer                         = true                                      {product} {command line}
   size_t MarkStackSize                            = 4194304                                   {product} {ergonomic}
   size_t MaxHeapSize                              = 2040528896                                {product} {ergonomic}
   size_t MaxNewSize                               = 1223688192                                {product} {ergonomic}
   size_t MinHeapDeltaBytes                        = 1048576                                   {product} {ergonomic}
   size_t MinHeapSize                              = 8388608                                   {product} {ergonomic}
    uintx NonProfiledCodeHeapSize                  = 0                                      {pd product} {ergonomic}
     bool ProfileInterpreter                       = false                                  {pd product} {command line}
    uintx ProfiledCodeHeapSize                     = 0                                      {pd product} {ergonomic}
   size_t SoftMaxHeapSize                          = 2040528896                             {manageable} {ergonomic}
     intx TieredStopAtLevel                        = 1                                         {product} {command line}
     bool UseCompressedClassPointers               = true                           {product lp64_product} {ergonomic}
     bool UseCompressedOops                        = true                           {product lp64_product} {ergonomic}
     bool UseG1GC                                  = true                                      {product} {ergonomic}
     bool UseLargePagesIndividualAllocation        = false                                  {pd product} {ergonomic}

Logging:
Log output configuration:
 #0: stdout all=warning uptime,level,tags
 #1: stderr all=off uptime,level,tags

Environment Variables:
JAVA_HOME=C:\Users\swh01\.jdks\corretto-17.0.9
CLASSPATH=C:\Users\swh01\.jdks\corretto-17.0.9\lib
PATH=C:\MinGW\bin;C:\Users\swh01\.jdks\corretto-17.0.9\bin;C:\Program Files\nodejs\;C:\WINDOWS\system32;C:\WINDOWS;C:\WINDOWS\System32\Wbem;C:\WINDOWS\System32\WindowsPowerShell\v1.0\;C:\WINDOWS\System32\OpenSSH\;C:\Program Files\Git\cmd;C:\Users\swh01\Downloads\ffmpeg-6.0-full_build\ffmpeg-6.0-full_build\bin;C:\Program Files\Go\bin;C:\ProgramData\chocolatey\bin;C:\Program Files (x86)\NetSarang\Xshell 8\;C:\Users\swh01\AppData\Local\Programs\Python\Launcher\;C:\Users\swh01\AppData\Local\Microsoft\WindowsApps;C:\Program Files\JetBrains\IntelliJ IDEA 2023.2.5\bin;C:\Users\swh01\AppData\Local\GitHubDesktop\bin;C:\Users\swh01\AppData\Roaming\npm;C:\Users\swh01\AppData\Local\Programs\Microsoft VS Code\bin;C:\Users\swh01\go\bin;C:\Users\swh01\AppData\Local\Microsoft\WinGet\Packages\Hugo.Hugo.Extended_Microsoft.Winget.Source_8wekyb3d8bbwe
USERNAME=swh01
OS=Windows_NT
PROCESSOR_IDENTIFIER=Intel64 Family 6 Model 126 Stepping 5, GenuineIntel
TMP=C:\Users\swh01\AppData\Local\Temp
TEMP=C:\Users\swh01\AppData\Local\Temp



Periodic native trim disabled


---------------  S Y S T E M  ---------------

OS:
 Windows 11 , 64 bit Build 22621 (10.0.22621.4391)
OS uptime: 23 days 10:41 hours

CPU: total 8 (initial active 8) (4 cores per cpu, 2 threads per core) family 6 model 126 stepping 5 microcode 0xbc, cx8, cmov, fxsr, ht, mmx, 3dnowpref, sse, sse2, sse3, ssse3, sse4.1, sse4.2, popcnt, lzcnt, tsc, tscinvbit, avx, avx2, aes, erms, clmul, bmi1, bmi2, adx, avx512f, avx512dq, avx512cd, avx512bw, avx512vl, sha, fma, vzeroupper, avx512_vpopcntdq, avx512_vpclmulqdq, avx512_vaes, avx512_vnni, clflush, clflushopt, avx512_vbmi2, avx512_vbmi
Processor Information for all 8 processors :
  Max Mhz: 1498, Current Mhz: 1098, Mhz Limit: 1093

Memory: 4k page, system-wide physical 7778M (331M free)
TotalPageFile size 22831M (AvailPageFile size 113M)
current process WorkingSet (physical memory assigned to process): 300M, peak: 300M
current process commit charge ("private bytes"): 351M, peak: 495M

vm_info: OpenJDK 64-Bit Server VM (17.0.9+8-LTS) for windows-amd64 JRE (17.0.9+8-LTS), built on Oct 12 2023 16:15:33 by "Administrator" with MS VC++ 16.10 / 16.11 (VS2019)

END.
